17:17:06: [INFO] [/Users/rickytang/Coding/github/autonomy-bootcamp-2025-p2/modules/heartbeat/heartbeat_receiver_worker.py | heartbeat_receiver_worker | 52] Logger initialized
17:17:06: [DEBUG] [/Users/rickytang/Coding/github/autonomy-bootcamp-2025-p2/modules/heartbeat/heartbeat_receiver_worker.py | heartbeat_receiver_worker | 86] Status: Connected
17:17:07: [DEBUG] [/Users/rickytang/Coding/github/autonomy-bootcamp-2025-p2/modules/heartbeat/heartbeat_receiver_worker.py | heartbeat_receiver_worker | 86] Status: Connected
17:17:08: [WARNING] [/Users/rickytang/Coding/github/autonomy-bootcamp-2025-p2/modules/heartbeat/heartbeat_receiver.py | run | 77] Warning: missed 1 heartbeat(s)
17:17:08: [DEBUG] [/Users/rickytang/Coding/github/autonomy-bootcamp-2025-p2/modules/heartbeat/heartbeat_receiver_worker.py | heartbeat_receiver_worker | 86] Status: Connected
17:17:08: [DEBUG] [/Users/rickytang/Coding/github/autonomy-bootcamp-2025-p2/modules/heartbeat/heartbeat_receiver_worker.py | heartbeat_receiver_worker | 86] Status: Connected
17:17:09: [WARNING] [/Users/rickytang/Coding/github/autonomy-bootcamp-2025-p2/modules/heartbeat/heartbeat_receiver.py | run | 77] Warning: missed 1 heartbeat(s)
17:17:09: [DEBUG] [/Users/rickytang/Coding/github/autonomy-bootcamp-2025-p2/modules/heartbeat/heartbeat_receiver_worker.py | heartbeat_receiver_worker | 86] Status: Connected
17:17:09: [DEBUG] [/Users/rickytang/Coding/github/autonomy-bootcamp-2025-p2/modules/heartbeat/heartbeat_receiver_worker.py | heartbeat_receiver_worker | 86] Status: Connected
17:17:10: [WARNING] [/Users/rickytang/Coding/github/autonomy-bootcamp-2025-p2/modules/heartbeat/heartbeat_receiver.py | run | 77] Warning: missed 1 heartbeat(s)
17:17:10: [DEBUG] [/Users/rickytang/Coding/github/autonomy-bootcamp-2025-p2/modules/heartbeat/heartbeat_receiver_worker.py | heartbeat_receiver_worker | 86] Status: Connected
17:17:10: [DEBUG] [/Users/rickytang/Coding/github/autonomy-bootcamp-2025-p2/modules/heartbeat/heartbeat_receiver_worker.py | heartbeat_receiver_worker | 86] Status: Connected
17:17:11: [WARNING] [/Users/rickytang/Coding/github/autonomy-bootcamp-2025-p2/modules/heartbeat/heartbeat_receiver.py | run | 77] Warning: missed 1 heartbeat(s)
17:17:11: [DEBUG] [/Users/rickytang/Coding/github/autonomy-bootcamp-2025-p2/modules/heartbeat/heartbeat_receiver_worker.py | heartbeat_receiver_worker | 86] Status: Connected
17:17:12: [WARNING] [/Users/rickytang/Coding/github/autonomy-bootcamp-2025-p2/modules/heartbeat/heartbeat_receiver.py | run | 77] Warning: missed 2 heartbeat(s)
17:17:12: [DEBUG] [/Users/rickytang/Coding/github/autonomy-bootcamp-2025-p2/modules/heartbeat/heartbeat_receiver_worker.py | heartbeat_receiver_worker | 86] Status: Connected
17:17:13: [WARNING] [/Users/rickytang/Coding/github/autonomy-bootcamp-2025-p2/modules/heartbeat/heartbeat_receiver.py | run | 77] Warning: missed 3 heartbeat(s)
17:17:13: [DEBUG] [/Users/rickytang/Coding/github/autonomy-bootcamp-2025-p2/modules/heartbeat/heartbeat_receiver_worker.py | heartbeat_receiver_worker | 86] Status: Connected
17:17:14: [WARNING] [/Users/rickytang/Coding/github/autonomy-bootcamp-2025-p2/modules/heartbeat/heartbeat_receiver.py | run | 77] Warning: missed 4 heartbeat(s)
17:17:14: [DEBUG] [/Users/rickytang/Coding/github/autonomy-bootcamp-2025-p2/modules/heartbeat/heartbeat_receiver_worker.py | heartbeat_receiver_worker | 86] Status: Connected
17:17:15: [WARNING] [/Users/rickytang/Coding/github/autonomy-bootcamp-2025-p2/modules/heartbeat/heartbeat_receiver.py | run | 70] Disconnected: missed 5 heartbeats
17:17:15: [DEBUG] [/Users/rickytang/Coding/github/autonomy-bootcamp-2025-p2/modules/heartbeat/heartbeat_receiver_worker.py | heartbeat_receiver_worker | 86] Status: Disconnected
17:17:16: [DEBUG] [/Users/rickytang/Coding/github/autonomy-bootcamp-2025-p2/modules/heartbeat/heartbeat_receiver_worker.py | heartbeat_receiver_worker | 86] Status: Disconnected
17:17:17: [DEBUG] [/Users/rickytang/Coding/github/autonomy-bootcamp-2025-p2/modules/heartbeat/heartbeat_receiver_worker.py | heartbeat_receiver_worker | 86] Status: Disconnected
17:17:18: [DEBUG] [/Users/rickytang/Coding/github/autonomy-bootcamp-2025-p2/modules/heartbeat/heartbeat_receiver_worker.py | heartbeat_receiver_worker | 86] Status: Disconnected
17:17:19: [INFO] [/Users/rickytang/Coding/github/autonomy-bootcamp-2025-p2/modules/heartbeat/heartbeat_receiver.py | run | 60] Reconnected to drone
17:17:19: [DEBUG] [/Users/rickytang/Coding/github/autonomy-bootcamp-2025-p2/modules/heartbeat/heartbeat_receiver_worker.py | heartbeat_receiver_worker | 86] Status: Connected
17:17:20: [WARNING] [/Users/rickytang/Coding/github/autonomy-bootcamp-2025-p2/modules/heartbeat/heartbeat_receiver.py | run | 77] Warning: missed 1 heartbeat(s)
17:17:20: [DEBUG] [/Users/rickytang/Coding/github/autonomy-bootcamp-2025-p2/modules/heartbeat/heartbeat_receiver_worker.py | heartbeat_receiver_worker | 86] Status: Connected
17:17:20: [DEBUG] [/Users/rickytang/Coding/github/autonomy-bootcamp-2025-p2/modules/heartbeat/heartbeat_receiver_worker.py | heartbeat_receiver_worker | 86] Status: Connected
17:17:21: [WARNING] [/Users/rickytang/Coding/github/autonomy-bootcamp-2025-p2/modules/heartbeat/heartbeat_receiver.py | run | 77] Warning: missed 1 heartbeat(s)
17:17:21: [DEBUG] [/Users/rickytang/Coding/github/autonomy-bootcamp-2025-p2/modules/heartbeat/heartbeat_receiver_worker.py | heartbeat_receiver_worker | 86] Status: Connected
17:17:21: [DEBUG] [/Users/rickytang/Coding/github/autonomy-bootcamp-2025-p2/modules/heartbeat/heartbeat_receiver_worker.py | heartbeat_receiver_worker | 86] Status: Connected
17:17:22: [WARNING] [/Users/rickytang/Coding/github/autonomy-bootcamp-2025-p2/modules/heartbeat/heartbeat_receiver.py | run | 77] Warning: missed 1 heartbeat(s)
17:17:22: [DEBUG] [/Users/rickytang/Coding/github/autonomy-bootcamp-2025-p2/modules/heartbeat/heartbeat_receiver_worker.py | heartbeat_receiver_worker | 86] Status: Connected
17:17:22: [DEBUG] [/Users/rickytang/Coding/github/autonomy-bootcamp-2025-p2/modules/heartbeat/heartbeat_receiver_worker.py | heartbeat_receiver_worker | 86] Status: Connected
17:17:23: [WARNING] [/Users/rickytang/Coding/github/autonomy-bootcamp-2025-p2/modules/heartbeat/heartbeat_receiver.py | run | 77] Warning: missed 1 heartbeat(s)
17:17:23: [DEBUG] [/Users/rickytang/Coding/github/autonomy-bootcamp-2025-p2/modules/heartbeat/heartbeat_receiver_worker.py | heartbeat_receiver_worker | 86] Status: Connected
17:17:23: [DEBUG] [/Users/rickytang/Coding/github/autonomy-bootcamp-2025-p2/modules/heartbeat/heartbeat_receiver_worker.py | heartbeat_receiver_worker | 86] Status: Connected
17:17:24: [WARNING] [/Users/rickytang/Coding/github/autonomy-bootcamp-2025-p2/modules/heartbeat/heartbeat_receiver.py | run | 77] Warning: missed 1 heartbeat(s)
17:17:24: [DEBUG] [/Users/rickytang/Coding/github/autonomy-bootcamp-2025-p2/modules/heartbeat/heartbeat_receiver_worker.py | heartbeat_receiver_worker | 86] Status: Connected
17:17:25: [DEBUG] [/Users/rickytang/Coding/github/autonomy-bootcamp-2025-p2/modules/heartbeat/heartbeat_receiver_worker.py | heartbeat_receiver_worker | 86] Status: Connected
17:17:26: [WARNING] [/Users/rickytang/Coding/github/autonomy-bootcamp-2025-p2/modules/heartbeat/heartbeat_receiver.py | run | 77] Warning: missed 1 heartbeat(s)
17:17:26: [DEBUG] [/Users/rickytang/Coding/github/autonomy-bootcamp-2025-p2/modules/heartbeat/heartbeat_receiver_worker.py | heartbeat_receiver_worker | 86] Status: Connected
17:17:27: [WARNING] [/Users/rickytang/Coding/github/autonomy-bootcamp-2025-p2/modules/heartbeat/heartbeat_receiver.py | run | 77] Warning: missed 2 heartbeat(s)
17:17:27: [DEBUG] [/Users/rickytang/Coding/github/autonomy-bootcamp-2025-p2/modules/heartbeat/heartbeat_receiver_worker.py | heartbeat_receiver_worker | 86] Status: Connected
