16:32:50: [INFO] [C:\Users\User\autonomy-bootcamp-2025-p2\modules\heartbeat\heartbeat_receiver_worker.py | heartbeat_receiver_worker | 46] Logger initialized
16:32:50: [INFO] [C:\Users\User\autonomy-bootcamp-2025-p2\modules\heartbeat\heartbeat_receiver_worker.py | heartbeat_receiver_worker | 59] HeartbeatReceiver created
16:32:50: [INFO] [C:\Users\User\autonomy-bootcamp-2025-p2\modules\heartbeat\heartbeat_receiver.py | run | 63] Received heartbeat
16:32:50: [INFO] [C:\Users\User\autonomy-bootcamp-2025-p2\modules\heartbeat\heartbeat_receiver_worker.py | heartbeat_receiver_worker | 68] Status: Connected
16:32:51: [INFO] [C:\Users\User\autonomy-bootcamp-2025-p2\modules\heartbeat\heartbeat_receiver.py | run | 63] Received heartbeat
16:32:51: [INFO] [C:\Users\User\autonomy-bootcamp-2025-p2\modules\heartbeat\heartbeat_receiver_worker.py | heartbeat_receiver_worker | 68] Status: Connected
16:32:52: [INFO] [C:\Users\User\autonomy-bootcamp-2025-p2\modules\heartbeat\heartbeat_receiver.py | run | 63] Received heartbeat
16:32:52: [INFO] [C:\Users\User\autonomy-bootcamp-2025-p2\modules\heartbeat\heartbeat_receiver_worker.py | heartbeat_receiver_worker | 68] Status: Connected
16:32:53: [INFO] [C:\Users\User\autonomy-bootcamp-2025-p2\modules\heartbeat\heartbeat_receiver.py | run | 63] Received heartbeat
16:32:53: [INFO] [C:\Users\User\autonomy-bootcamp-2025-p2\modules\heartbeat\heartbeat_receiver_worker.py | heartbeat_receiver_worker | 68] Status: Connected
16:32:54: [INFO] [C:\Users\User\autonomy-bootcamp-2025-p2\modules\heartbeat\heartbeat_receiver.py | run | 63] Received heartbeat
16:32:54: [INFO] [C:\Users\User\autonomy-bootcamp-2025-p2\modules\heartbeat\heartbeat_receiver_worker.py | heartbeat_receiver_worker | 68] Status: Connected
16:32:55: [WARNING] [C:\Users\User\autonomy-bootcamp-2025-p2\modules\heartbeat\heartbeat_receiver.py | run | 67] Missed heartbeat (count: 1)
16:32:55: [INFO] [C:\Users\User\autonomy-bootcamp-2025-p2\modules\heartbeat\heartbeat_receiver_worker.py | heartbeat_receiver_worker | 68] Status: Connected
16:32:56: [WARNING] [C:\Users\User\autonomy-bootcamp-2025-p2\modules\heartbeat\heartbeat_receiver.py | run | 67] Missed heartbeat (count: 2)
16:32:56: [INFO] [C:\Users\User\autonomy-bootcamp-2025-p2\modules\heartbeat\heartbeat_receiver_worker.py | heartbeat_receiver_worker | 68] Status: Connected
16:32:57: [WARNING] [C:\Users\User\autonomy-bootcamp-2025-p2\modules\heartbeat\heartbeat_receiver.py | run | 67] Missed heartbeat (count: 3)
16:32:57: [INFO] [C:\Users\User\autonomy-bootcamp-2025-p2\modules\heartbeat\heartbeat_receiver_worker.py | heartbeat_receiver_worker | 68] Status: Connected
16:32:58: [WARNING] [C:\Users\User\autonomy-bootcamp-2025-p2\modules\heartbeat\heartbeat_receiver.py | run | 67] Missed heartbeat (count: 4)
16:32:58: [INFO] [C:\Users\User\autonomy-bootcamp-2025-p2\modules\heartbeat\heartbeat_receiver_worker.py | heartbeat_receiver_worker | 68] Status: Connected
16:32:59: [WARNING] [C:\Users\User\autonomy-bootcamp-2025-p2\modules\heartbeat\heartbeat_receiver.py | run | 67] Missed heartbeat (count: 5)
16:32:59: [ERROR] [C:\Users\User\autonomy-bootcamp-2025-p2\modules\heartbeat\heartbeat_receiver.py | run | 71] Connection lost after 5 missed heartbeats
16:32:59: [INFO] [C:\Users\User\autonomy-bootcamp-2025-p2\modules\heartbeat\heartbeat_receiver_worker.py | heartbeat_receiver_worker | 68] Status: Disconnected
16:33:00: [WARNING] [C:\Users\User\autonomy-bootcamp-2025-p2\modules\heartbeat\heartbeat_receiver.py | run | 67] Missed heartbeat (count: 6)
16:33:00: [ERROR] [C:\Users\User\autonomy-bootcamp-2025-p2\modules\heartbeat\heartbeat_receiver.py | run | 71] Connection lost after 6 missed heartbeats
16:33:00: [INFO] [C:\Users\User\autonomy-bootcamp-2025-p2\modules\heartbeat\heartbeat_receiver_worker.py | heartbeat_receiver_worker | 68] Status: Disconnected
16:33:01: [WARNING] [C:\Users\User\autonomy-bootcamp-2025-p2\modules\heartbeat\heartbeat_receiver.py | run | 67] Missed heartbeat (count: 7)
16:33:01: [ERROR] [C:\Users\User\autonomy-bootcamp-2025-p2\modules\heartbeat\heartbeat_receiver.py | run | 71] Connection lost after 7 missed heartbeats
16:33:01: [INFO] [C:\Users\User\autonomy-bootcamp-2025-p2\modules\heartbeat\heartbeat_receiver_worker.py | heartbeat_receiver_worker | 68] Status: Disconnected
16:33:03: [WARNING] [C:\Users\User\autonomy-bootcamp-2025-p2\modules\heartbeat\heartbeat_receiver.py | run | 67] Missed heartbeat (count: 8)
16:33:03: [ERROR] [C:\Users\User\autonomy-bootcamp-2025-p2\modules\heartbeat\heartbeat_receiver.py | run | 71] Connection lost after 8 missed heartbeats
16:33:03: [INFO] [C:\Users\User\autonomy-bootcamp-2025-p2\modules\heartbeat\heartbeat_receiver_worker.py | heartbeat_receiver_worker | 68] Status: Disconnected
16:33:03: [INFO] [C:\Users\User\autonomy-bootcamp-2025-p2\modules\heartbeat\heartbeat_receiver.py | run | 63] Received heartbeat
16:33:03: [INFO] [C:\Users\User\autonomy-bootcamp-2025-p2\modules\heartbeat\heartbeat_receiver_worker.py | heartbeat_receiver_worker | 68] Status: Connected
16:33:04: [INFO] [C:\Users\User\autonomy-bootcamp-2025-p2\modules\heartbeat\heartbeat_receiver.py | run | 63] Received heartbeat
16:33:04: [INFO] [C:\Users\User\autonomy-bootcamp-2025-p2\modules\heartbeat\heartbeat_receiver_worker.py | heartbeat_receiver_worker | 68] Status: Connected
16:33:05: [INFO] [C:\Users\User\autonomy-bootcamp-2025-p2\modules\heartbeat\heartbeat_receiver.py | run | 63] Received heartbeat
16:33:05: [INFO] [C:\Users\User\autonomy-bootcamp-2025-p2\modules\heartbeat\heartbeat_receiver_worker.py | heartbeat_receiver_worker | 68] Status: Connected
16:33:06: [INFO] [C:\Users\User\autonomy-bootcamp-2025-p2\modules\heartbeat\heartbeat_receiver.py | run | 63] Received heartbeat
16:33:06: [INFO] [C:\Users\User\autonomy-bootcamp-2025-p2\modules\heartbeat\heartbeat_receiver_worker.py | heartbeat_receiver_worker | 68] Status: Connected
16:33:07: [INFO] [C:\Users\User\autonomy-bootcamp-2025-p2\modules\heartbeat\heartbeat_receiver.py | run | 63] Received heartbeat
16:33:07: [INFO] [C:\Users\User\autonomy-bootcamp-2025-p2\modules\heartbeat\heartbeat_receiver_worker.py | heartbeat_receiver_worker | 68] Status: Connected
16:33:08: [WARNING] [C:\Users\User\autonomy-bootcamp-2025-p2\modules\heartbeat\heartbeat_receiver.py | run | 67] Missed heartbeat (count: 1)
16:33:08: [INFO] [C:\Users\User\autonomy-bootcamp-2025-p2\modules\heartbeat\heartbeat_receiver_worker.py | heartbeat_receiver_worker | 68] Status: Connected
16:33:09: [INFO] [C:\Users\User\autonomy-bootcamp-2025-p2\modules\heartbeat\heartbeat_receiver.py | run | 63] Received heartbeat
16:33:09: [INFO] [C:\Users\User\autonomy-bootcamp-2025-p2\modules\heartbeat\heartbeat_receiver_worker.py | heartbeat_receiver_worker | 68] Status: Connected
16:33:10: [WARNING] [C:\Users\User\autonomy-bootcamp-2025-p2\modules\heartbeat\heartbeat_receiver.py | run | 67] Missed heartbeat (count: 1)
16:33:10: [INFO] [C:\Users\User\autonomy-bootcamp-2025-p2\modules\heartbeat\heartbeat_receiver_worker.py | heartbeat_receiver_worker | 68] Status: Connected
16:33:11: [WARNING] [C:\Users\User\autonomy-bootcamp-2025-p2\modules\heartbeat\heartbeat_receiver.py | run | 67] Missed heartbeat (count: 2)
16:33:11: [INFO] [C:\Users\User\autonomy-bootcamp-2025-p2\modules\heartbeat\heartbeat_receiver_worker.py | heartbeat_receiver_worker | 68] Status: Connected
