14:40:04: [INFO] [C:\Users\User\autonomy-bootcamp-2025-p2\modules\heartbeat\heartbeat_receiver_worker.py | heartbeat_receiver_worker | 46] Logger initialized
14:40:04: [INFO] [C:\Users\User\autonomy-bootcamp-2025-p2\modules\heartbeat\heartbeat_receiver_worker.py | heartbeat_receiver_worker | 59] HeartbeatReceiver created
14:40:04: [INFO] [C:\Users\User\autonomy-bootcamp-2025-p2\modules\heartbeat\heartbeat_receiver.py | run | 62] Received heartbeat
14:40:04: [INFO] [C:\Users\User\autonomy-bootcamp-2025-p2\modules\heartbeat\heartbeat_receiver_worker.py | heartbeat_receiver_worker | 68] Status: Connected
14:40:05: [INFO] [C:\Users\User\autonomy-bootcamp-2025-p2\modules\heartbeat\heartbeat_receiver.py | run | 62] Received heartbeat
14:40:05: [INFO] [C:\Users\User\autonomy-bootcamp-2025-p2\modules\heartbeat\heartbeat_receiver_worker.py | heartbeat_receiver_worker | 68] Status: Connected
14:40:06: [WARNING] [C:\Users\User\autonomy-bootcamp-2025-p2\modules\heartbeat\heartbeat_receiver.py | run | 66] Missed heartbeat (count: 1)
14:40:06: [INFO] [C:\Users\User\autonomy-bootcamp-2025-p2\modules\heartbeat\heartbeat_receiver_worker.py | heartbeat_receiver_worker | 68] Status: Connected
14:40:06: [INFO] [C:\Users\User\autonomy-bootcamp-2025-p2\modules\heartbeat\heartbeat_receiver.py | run | 62] Received heartbeat
14:40:06: [INFO] [C:\Users\User\autonomy-bootcamp-2025-p2\modules\heartbeat\heartbeat_receiver_worker.py | heartbeat_receiver_worker | 68] Status: Connected
14:40:07: [INFO] [C:\Users\User\autonomy-bootcamp-2025-p2\modules\heartbeat\heartbeat_receiver.py | run | 62] Received heartbeat
14:40:07: [INFO] [C:\Users\User\autonomy-bootcamp-2025-p2\modules\heartbeat\heartbeat_receiver_worker.py | heartbeat_receiver_worker | 68] Status: Connected
14:40:08: [INFO] [C:\Users\User\autonomy-bootcamp-2025-p2\modules\heartbeat\heartbeat_receiver.py | run | 62] Received heartbeat
14:40:08: [INFO] [C:\Users\User\autonomy-bootcamp-2025-p2\modules\heartbeat\heartbeat_receiver_worker.py | heartbeat_receiver_worker | 68] Status: Connected
14:40:09: [WARNING] [C:\Users\User\autonomy-bootcamp-2025-p2\modules\heartbeat\heartbeat_receiver.py | run | 66] Missed heartbeat (count: 1)
14:40:09: [INFO] [C:\Users\User\autonomy-bootcamp-2025-p2\modules\heartbeat\heartbeat_receiver_worker.py | heartbeat_receiver_worker | 68] Status: Connected
14:40:10: [WARNING] [C:\Users\User\autonomy-bootcamp-2025-p2\modules\heartbeat\heartbeat_receiver.py | run | 66] Missed heartbeat (count: 2)
14:40:10: [INFO] [C:\Users\User\autonomy-bootcamp-2025-p2\modules\heartbeat\heartbeat_receiver_worker.py | heartbeat_receiver_worker | 68] Status: Connected
14:40:11: [WARNING] [C:\Users\User\autonomy-bootcamp-2025-p2\modules\heartbeat\heartbeat_receiver.py | run | 66] Missed heartbeat (count: 3)
14:40:11: [INFO] [C:\Users\User\autonomy-bootcamp-2025-p2\modules\heartbeat\heartbeat_receiver_worker.py | heartbeat_receiver_worker | 68] Status: Connected
14:40:12: [WARNING] [C:\Users\User\autonomy-bootcamp-2025-p2\modules\heartbeat\heartbeat_receiver.py | run | 66] Missed heartbeat (count: 4)
14:40:12: [INFO] [C:\Users\User\autonomy-bootcamp-2025-p2\modules\heartbeat\heartbeat_receiver_worker.py | heartbeat_receiver_worker | 68] Status: Connected
14:40:13: [WARNING] [C:\Users\User\autonomy-bootcamp-2025-p2\modules\heartbeat\heartbeat_receiver.py | run | 66] Missed heartbeat (count: 5)
14:40:13: [ERROR] [C:\Users\User\autonomy-bootcamp-2025-p2\modules\heartbeat\heartbeat_receiver.py | run | 70] Connection lost after 5 missed heartbeats
14:40:13: [INFO] [C:\Users\User\autonomy-bootcamp-2025-p2\modules\heartbeat\heartbeat_receiver_worker.py | heartbeat_receiver_worker | 68] Status: Disconnected
14:40:14: [WARNING] [C:\Users\User\autonomy-bootcamp-2025-p2\modules\heartbeat\heartbeat_receiver.py | run | 66] Missed heartbeat (count: 6)
14:40:14: [ERROR] [C:\Users\User\autonomy-bootcamp-2025-p2\modules\heartbeat\heartbeat_receiver.py | run | 70] Connection lost after 6 missed heartbeats
14:40:14: [INFO] [C:\Users\User\autonomy-bootcamp-2025-p2\modules\heartbeat\heartbeat_receiver_worker.py | heartbeat_receiver_worker | 68] Status: Disconnected
14:40:15: [WARNING] [C:\Users\User\autonomy-bootcamp-2025-p2\modules\heartbeat\heartbeat_receiver.py | run | 66] Missed heartbeat (count: 7)
14:40:15: [ERROR] [C:\Users\User\autonomy-bootcamp-2025-p2\modules\heartbeat\heartbeat_receiver.py | run | 70] Connection lost after 7 missed heartbeats
14:40:15: [INFO] [C:\Users\User\autonomy-bootcamp-2025-p2\modules\heartbeat\heartbeat_receiver_worker.py | heartbeat_receiver_worker | 68] Status: Disconnected
14:40:16: [WARNING] [C:\Users\User\autonomy-bootcamp-2025-p2\modules\heartbeat\heartbeat_receiver.py | run | 66] Missed heartbeat (count: 8)
14:40:16: [ERROR] [C:\Users\User\autonomy-bootcamp-2025-p2\modules\heartbeat\heartbeat_receiver.py | run | 70] Connection lost after 8 missed heartbeats
14:40:16: [INFO] [C:\Users\User\autonomy-bootcamp-2025-p2\modules\heartbeat\heartbeat_receiver_worker.py | heartbeat_receiver_worker | 68] Status: Disconnected
14:40:17: [INFO] [C:\Users\User\autonomy-bootcamp-2025-p2\modules\heartbeat\heartbeat_receiver.py | run | 62] Received heartbeat
14:40:17: [INFO] [C:\Users\User\autonomy-bootcamp-2025-p2\modules\heartbeat\heartbeat_receiver_worker.py | heartbeat_receiver_worker | 68] Status: Connected
14:40:18: [INFO] [C:\Users\User\autonomy-bootcamp-2025-p2\modules\heartbeat\heartbeat_receiver.py | run | 62] Received heartbeat
14:40:18: [INFO] [C:\Users\User\autonomy-bootcamp-2025-p2\modules\heartbeat\heartbeat_receiver_worker.py | heartbeat_receiver_worker | 68] Status: Connected
14:40:19: [WARNING] [C:\Users\User\autonomy-bootcamp-2025-p2\modules\heartbeat\heartbeat_receiver.py | run | 66] Missed heartbeat (count: 1)
14:40:19: [INFO] [C:\Users\User\autonomy-bootcamp-2025-p2\modules\heartbeat\heartbeat_receiver_worker.py | heartbeat_receiver_worker | 68] Status: Connected
14:40:19: [INFO] [C:\Users\User\autonomy-bootcamp-2025-p2\modules\heartbeat\heartbeat_receiver.py | run | 62] Received heartbeat
14:40:19: [INFO] [C:\Users\User\autonomy-bootcamp-2025-p2\modules\heartbeat\heartbeat_receiver_worker.py | heartbeat_receiver_worker | 68] Status: Connected
14:40:20: [INFO] [C:\Users\User\autonomy-bootcamp-2025-p2\modules\heartbeat\heartbeat_receiver.py | run | 62] Received heartbeat
14:40:20: [INFO] [C:\Users\User\autonomy-bootcamp-2025-p2\modules\heartbeat\heartbeat_receiver_worker.py | heartbeat_receiver_worker | 68] Status: Connected
14:40:21: [INFO] [C:\Users\User\autonomy-bootcamp-2025-p2\modules\heartbeat\heartbeat_receiver.py | run | 62] Received heartbeat
14:40:21: [INFO] [C:\Users\User\autonomy-bootcamp-2025-p2\modules\heartbeat\heartbeat_receiver_worker.py | heartbeat_receiver_worker | 68] Status: Connected
14:40:22: [WARNING] [C:\Users\User\autonomy-bootcamp-2025-p2\modules\heartbeat\heartbeat_receiver.py | run | 66] Missed heartbeat (count: 1)
14:40:22: [INFO] [C:\Users\User\autonomy-bootcamp-2025-p2\modules\heartbeat\heartbeat_receiver_worker.py | heartbeat_receiver_worker | 68] Status: Connected
14:40:23: [INFO] [C:\Users\User\autonomy-bootcamp-2025-p2\modules\heartbeat\heartbeat_receiver.py | run | 62] Received heartbeat
14:40:23: [INFO] [C:\Users\User\autonomy-bootcamp-2025-p2\modules\heartbeat\heartbeat_receiver_worker.py | heartbeat_receiver_worker | 68] Status: Connected
14:40:24: [WARNING] [C:\Users\User\autonomy-bootcamp-2025-p2\modules\heartbeat\heartbeat_receiver.py | run | 66] Missed heartbeat (count: 1)
14:40:24: [INFO] [C:\Users\User\autonomy-bootcamp-2025-p2\modules\heartbeat\heartbeat_receiver_worker.py | heartbeat_receiver_worker | 68] Status: Connected
14:40:25: [WARNING] [C:\Users\User\autonomy-bootcamp-2025-p2\modules\heartbeat\heartbeat_receiver.py | run | 66] Missed heartbeat (count: 2)
14:40:25: [INFO] [C:\Users\User\autonomy-bootcamp-2025-p2\modules\heartbeat\heartbeat_receiver_worker.py | heartbeat_receiver_worker | 68] Status: Connected
