18:57:49: [INFO] [C:\Users\revan\Documents\GitHub\autonomy-bootcamp-2025-p2\modules\common\modules\logger\logger_main_setup.py | setup_main_logger | 62] main logger initialized
18:57:50: [INFO] [C:\Users\revan\Documents\GitHub\autonomy-bootcamp-2025-p2\tests\integration\test_command.py | main | 140] Connected!
18:57:51: [INFO] [C:\Users\revan\Documents\GitHub\autonomy-bootcamp-2025-p2\tests\integration\test_command.py | read_queue | 84] Receiver output: CHANGE_ALTITUDE: 1
18:57:51: [INFO] [C:\Users\revan\Documents\GitHub\autonomy-bootcamp-2025-p2\tests\integration\test_command.py | read_queue | 84] Receiver output: CHANGE_ALTITUDE: -1
18:57:52: [INFO] [C:\Users\revan\Documents\GitHub\autonomy-bootcamp-2025-p2\tests\integration\test_command.py | read_queue | 84] Receiver output: CHANGING_YAW: 62.32780010512792
18:57:52: [INFO] [C:\Users\revan\Documents\GitHub\autonomy-bootcamp-2025-p2\tests\integration\test_command.py | read_queue | 84] Receiver output: CHANGING_YAW: 62.32780010512792
18:57:53: [INFO] [C:\Users\revan\Documents\GitHub\autonomy-bootcamp-2025-p2\tests\integration\test_command.py | read_queue | 84] Receiver output: CHANGING_YAW: 62.32780010512792
18:57:53: [INFO] [C:\Users\revan\Documents\GitHub\autonomy-bootcamp-2025-p2\tests\integration\test_command.py | read_queue | 84] Receiver output: CHANGING_YAW: 62.292893520088036
18:57:54: [INFO] [C:\Users\revan\Documents\GitHub\autonomy-bootcamp-2025-p2\tests\integration\test_command.py | read_queue | 84] Receiver output: CHANGING_YAW: 62.362706690167805
18:57:54: [INFO] [C:\Users\revan\Documents\GitHub\autonomy-bootcamp-2025-p2\tests\integration\test_command.py | read_queue | 84] Receiver output: CHANGING_YAW: 63.43494882292201
18:57:55: [INFO] [C:\Users\revan\Documents\GitHub\autonomy-bootcamp-2025-p2\tests\integration\test_command.py | read_queue | 84] Receiver output: CHANGING_YAW: 90.0
18:57:55: [INFO] [C:\Users\revan\Documents\GitHub\autonomy-bootcamp-2025-p2\tests\integration\test_command.py | read_queue | 84] Receiver output: CHANGING_YAW: 116.56505117707799
18:57:56: [INFO] [C:\Users\revan\Documents\GitHub\autonomy-bootcamp-2025-p2\tests\integration\test_command.py | read_queue | 84] Receiver output: CHANGING_YAW: 133.4292036732051
18:57:56: [INFO] [C:\Users\revan\Documents\GitHub\autonomy-bootcamp-2025-p2\tests\integration\test_command.py | read_queue | 84] Receiver output: CHANGING_YAW: 151.8641524961271
18:57:57: [INFO] [C:\Users\revan\Documents\GitHub\autonomy-bootcamp-2025-p2\tests\integration\test_command.py | read_queue | 84] Receiver output: CHANGING_YAW: 178.4292036732051
18:57:57: [INFO] [C:\Users\revan\Documents\GitHub\autonomy-bootcamp-2025-p2\tests\integration\test_command.py | read_queue | 84] Receiver output: CHANGING_YAW: -156.57654147651178
18:57:58: [INFO] [C:\Users\revan\Documents\GitHub\autonomy-bootcamp-2025-p2\tests\integration\test_command.py | read_queue | 84] Receiver output: CHANGING_YAW: -131.85840734641022
18:57:58: [INFO] [C:\Users\revan\Documents\GitHub\autonomy-bootcamp-2025-p2\tests\integration\test_command.py | read_queue | 84] Receiver output: CHANGING_YAW: -93.1415926535898
18:57:59: [INFO] [C:\Users\revan\Documents\GitHub\autonomy-bootcamp-2025-p2\tests\integration\test_command.py | read_queue | 84] Receiver output: CHANGING_YAW: -43.4292036732051
18:57:59: [INFO] [C:\Users\revan\Documents\GitHub\autonomy-bootcamp-2025-p2\tests\integration\test_command.py | read_queue | 84] Receiver output: NO_ACTION_NEEDED
18:58:00: [INFO] [C:\Users\revan\Documents\GitHub\autonomy-bootcamp-2025-p2\tests\integration\test_command.py | read_queue | 84] Receiver output: CHANGING_YAW: 46.5707963267949
18:58:00: [INFO] [C:\Users\revan\Documents\GitHub\autonomy-bootcamp-2025-p2\tests\integration\test_command.py | read_queue | 84] Receiver output: CHANGING_YAW: 61.86415249612711
18:58:01: [INFO] [C:\Users\revan\Documents\GitHub\autonomy-bootcamp-2025-p2\tests\integration\test_command.py | read_queue | 84] Receiver output: CHANGING_YAW: 43.4292036732051
18:58:01: [INFO] [C:\Users\revan\Documents\GitHub\autonomy-bootcamp-2025-p2\tests\integration\test_command.py | read_queue | 84] Receiver output: NO_ACTION_NEEDED
18:58:02: [INFO] [C:\Users\revan\Documents\GitHub\autonomy-bootcamp-2025-p2\tests\integration\test_command.py | read_queue | 84] Receiver output: CHANGING_YAW: -45.0
18:58:02: [INFO] [C:\Users\revan\Documents\GitHub\autonomy-bootcamp-2025-p2\tests\integration\test_command.py | read_queue | 84] Receiver output: CHANGING_YAW: -90.0
18:58:03: [INFO] [C:\Users\revan\Documents\GitHub\autonomy-bootcamp-2025-p2\tests\integration\test_command.py | read_queue | 84] Receiver output: CHANGING_YAW: -135.0
18:58:03: [INFO] [C:\Users\revan\Documents\GitHub\autonomy-bootcamp-2025-p2\tests\integration\test_command.py | read_queue | 84] Receiver output: CHANGING_YAW: -151.8641524961271
18:58:04: [INFO] [C:\Users\revan\Documents\GitHub\autonomy-bootcamp-2025-p2\tests\integration\test_command.py | read_queue | 84] Receiver output: CHANGING_YAW: -178.4292036732051
18:58:04: [INFO] [C:\Users\revan\Documents\GitHub\autonomy-bootcamp-2025-p2\tests\integration\test_command.py | read_queue | 84] Receiver output: CHANGING_YAW: 155.0057451497169
18:58:05: [INFO] [C:\Users\revan\Documents\GitHub\autonomy-bootcamp-2025-p2\tests\integration\test_command.py | read_queue | 84] Receiver output: CHANGING_YAW: 138.14159265358978
18:58:05: [INFO] [C:\Users\revan\Documents\GitHub\autonomy-bootcamp-2025-p2\tests\integration\test_command.py | read_queue | 84] Receiver output: CHANGING_YAW: 113.4234585234882
18:58:06: [INFO] [C:\Users\revan\Documents\GitHub\autonomy-bootcamp-2025-p2\tests\integration\test_command.py | read_queue | 84] Receiver output: CHANGING_YAW: 93.1415926535898
18:58:06: [INFO] [C:\Users\revan\Documents\GitHub\autonomy-bootcamp-2025-p2\tests\integration\test_command.py | read_queue | 84] Receiver output: None
