18:44:13: [INFO] [/Users/rickytang/Coding/github/autonomy-bootcamp-2025-p2/modules/telemetry/telemetry_worker.py | telemetry_worker | 48] Logger initialized
18:44:13: [DEBUG] [/Users/rickytang/Coding/github/autonomy-bootcamp-2025-p2/modules/telemetry/telemetry.py | run | 114] Received ATTITUDE
18:44:13: [DEBUG] [/Users/rickytang/Coding/github/autonomy-bootcamp-2025-p2/modules/telemetry/telemetry.py | run | 120] Received LOCAL_POSITION_NED
18:44:13: [DEBUG] [/Users/rickytang/Coding/github/autonomy-bootcamp-2025-p2/modules/telemetry/telemetry_worker.py | telemetry_worker | 75] Telemetry: {
            time_since_boot: 0,
            x: 0.0,
            y: 0.0,
            z: 0.0,
            x_velocity: 1.0,
            y_velocity: 0.0,
            z_velocity: 0.0,
            roll: 0.0,
            pitch: 0.0,
            yaw: 0.0,
            roll_speed: 0.0,
            pitch_speed: 0.0,
            yaw_speed: 3.1415927410125732
        }
18:44:13: [DEBUG] [/Users/rickytang/Coding/github/autonomy-bootcamp-2025-p2/modules/telemetry/telemetry.py | run | 114] Received ATTITUDE
18:44:13: [DEBUG] [/Users/rickytang/Coding/github/autonomy-bootcamp-2025-p2/modules/telemetry/telemetry.py | run | 120] Received LOCAL_POSITION_NED
18:44:13: [DEBUG] [/Users/rickytang/Coding/github/autonomy-bootcamp-2025-p2/modules/telemetry/telemetry_worker.py | telemetry_worker | 75] Telemetry: {
            time_since_boot: 500,
            x: 0.5,
            y: 0.0,
            z: 0.0,
            x_velocity: 1.0,
            y_velocity: 0.0,
            z_velocity: 0.0,
            roll: 0.0,
            pitch: 0.0,
            yaw: 1.0471975803375244,
            roll_speed: 0.0,
            pitch_speed: 0.0,
            yaw_speed: 3.1415927410125732
        }
18:44:13: [DEBUG] [/Users/rickytang/Coding/github/autonomy-bootcamp-2025-p2/modules/telemetry/telemetry.py | run | 114] Received ATTITUDE
18:44:13: [DEBUG] [/Users/rickytang/Coding/github/autonomy-bootcamp-2025-p2/modules/telemetry/telemetry.py | run | 120] Received LOCAL_POSITION_NED
18:44:13: [DEBUG] [/Users/rickytang/Coding/github/autonomy-bootcamp-2025-p2/modules/telemetry/telemetry_worker.py | telemetry_worker | 75] Telemetry: {
            time_since_boot: 1000,
            x: 1.0,
            y: 0.0,
            z: 0.0,
            x_velocity: 1.0,
            y_velocity: 0.0,
            z_velocity: 0.0,
            roll: 0.0,
            pitch: 0.0,
            yaw: 2.094395160675049,
            roll_speed: 0.0,
            pitch_speed: 0.0,
            yaw_speed: 3.1415927410125732
        }
18:44:14: [DEBUG] [/Users/rickytang/Coding/github/autonomy-bootcamp-2025-p2/modules/telemetry/telemetry.py | run | 114] Received ATTITUDE
18:44:14: [DEBUG] [/Users/rickytang/Coding/github/autonomy-bootcamp-2025-p2/modules/telemetry/telemetry.py | run | 120] Received LOCAL_POSITION_NED
18:44:14: [DEBUG] [/Users/rickytang/Coding/github/autonomy-bootcamp-2025-p2/modules/telemetry/telemetry_worker.py | telemetry_worker | 75] Telemetry: {
            time_since_boot: 1500,
            x: 1.5,
            y: 0.0,
            z: 0.0,
            x_velocity: 1.0,
            y_velocity: 0.0,
            z_velocity: 0.0,
            roll: 0.0,
            pitch: 0.0,
            yaw: -2.094395160675049,
            roll_speed: 0.0,
            pitch_speed: 0.0,
            yaw_speed: 3.1415927410125732
        }
18:44:14: [DEBUG] [/Users/rickytang/Coding/github/autonomy-bootcamp-2025-p2/modules/telemetry/telemetry.py | run | 114] Received ATTITUDE
18:44:14: [DEBUG] [/Users/rickytang/Coding/github/autonomy-bootcamp-2025-p2/modules/telemetry/telemetry.py | run | 120] Received LOCAL_POSITION_NED
18:44:14: [DEBUG] [/Users/rickytang/Coding/github/autonomy-bootcamp-2025-p2/modules/telemetry/telemetry_worker.py | telemetry_worker | 75] Telemetry: {
            time_since_boot: 2000,
            x: 2.0,
            y: 0.0,
            z: 0.0,
            x_velocity: 1.0,
            y_velocity: 0.0,
            z_velocity: 0.0,
            roll: 0.0,
            pitch: 0.0,
            yaw: -1.0471975803375244,
            roll_speed: 0.0,
            pitch_speed: 0.0,
            yaw_speed: 3.1415927410125732
        }
18:44:15: [DEBUG] [/Users/rickytang/Coding/github/autonomy-bootcamp-2025-p2/modules/telemetry/telemetry.py | run | 114] Received ATTITUDE
18:44:15: [DEBUG] [/Users/rickytang/Coding/github/autonomy-bootcamp-2025-p2/modules/telemetry/telemetry.py | run | 120] Received LOCAL_POSITION_NED
18:44:15: [DEBUG] [/Users/rickytang/Coding/github/autonomy-bootcamp-2025-p2/modules/telemetry/telemetry_worker.py | telemetry_worker | 75] Telemetry: {
            time_since_boot: 2500,
            x: 2.5,
            y: 0.0,
            z: 0.0,
            x_velocity: 1.0,
            y_velocity: 0.0,
            z_velocity: 0.0,
            roll: 0.0,
            pitch: 0.0,
            yaw: 1.0471975803375244,
            roll_speed: 0.0,
            pitch_speed: 0.0,
            yaw_speed: 3.1415927410125732
        }
18:44:15: [DEBUG] [/Users/rickytang/Coding/github/autonomy-bootcamp-2025-p2/modules/telemetry/telemetry.py | run | 114] Received ATTITUDE
18:44:16: [DEBUG] [/Users/rickytang/Coding/github/autonomy-bootcamp-2025-p2/modules/telemetry/telemetry.py | run | 120] Received LOCAL_POSITION_NED
18:44:16: [DEBUG] [/Users/rickytang/Coding/github/autonomy-bootcamp-2025-p2/modules/telemetry/telemetry_worker.py | telemetry_worker | 75] Telemetry: {
            time_since_boot: 3000,
            x: 3.0,
            y: 0.0,
            z: 0.0,
            x_velocity: 1.0,
            y_velocity: 0.0,
            z_velocity: 0.0,
            roll: 0.0,
            pitch: 0.0,
            yaw: 2.094395160675049,
            roll_speed: 0.0,
            pitch_speed: 0.0,
            yaw_speed: 3.1415927410125732
        }
18:44:16: [DEBUG] [/Users/rickytang/Coding/github/autonomy-bootcamp-2025-p2/modules/telemetry/telemetry.py | run | 114] Received ATTITUDE
18:44:16: [DEBUG] [/Users/rickytang/Coding/github/autonomy-bootcamp-2025-p2/modules/telemetry/telemetry.py | run | 120] Received LOCAL_POSITION_NED
18:44:16: [DEBUG] [/Users/rickytang/Coding/github/autonomy-bootcamp-2025-p2/modules/telemetry/telemetry_worker.py | telemetry_worker | 75] Telemetry: {
            time_since_boot: 3500,
            x: 3.5,
            y: 0.0,
            z: 0.0,
            x_velocity: 1.0,
            y_velocity: 0.0,
            z_velocity: 0.0,
            roll: 0.0,
            pitch: 0.0,
            yaw: -2.094395160675049,
            roll_speed: 0.0,
            pitch_speed: 0.0,
            yaw_speed: 3.1415927410125732
        }
18:44:16: [DEBUG] [/Users/rickytang/Coding/github/autonomy-bootcamp-2025-p2/modules/telemetry/telemetry.py | run | 114] Received ATTITUDE
18:44:16: [DEBUG] [/Users/rickytang/Coding/github/autonomy-bootcamp-2025-p2/modules/telemetry/telemetry.py | run | 120] Received LOCAL_POSITION_NED
18:44:16: [DEBUG] [/Users/rickytang/Coding/github/autonomy-bootcamp-2025-p2/modules/telemetry/telemetry_worker.py | telemetry_worker | 75] Telemetry: {
            time_since_boot: 4000,
            x: 4.0,
            y: 0.0,
            z: 0.0,
            x_velocity: 1.0,
            y_velocity: 0.0,
            z_velocity: 0.0,
            roll: 0.0,
            pitch: 0.0,
            yaw: -1.0471975803375244,
            roll_speed: 0.0,
            pitch_speed: 0.0,
            yaw_speed: 3.1415927410125732
        }
18:44:17: [DEBUG] [/Users/rickytang/Coding/github/autonomy-bootcamp-2025-p2/modules/telemetry/telemetry.py | run | 114] Received ATTITUDE
18:44:17: [DEBUG] [/Users/rickytang/Coding/github/autonomy-bootcamp-2025-p2/modules/telemetry/telemetry.py | run | 120] Received LOCAL_POSITION_NED
18:44:17: [DEBUG] [/Users/rickytang/Coding/github/autonomy-bootcamp-2025-p2/modules/telemetry/telemetry_worker.py | telemetry_worker | 75] Telemetry: {
            time_since_boot: 4500,
            x: 4.5,
            y: 0.0,
            z: 0.0,
            x_velocity: 1.0,
            y_velocity: 0.0,
            z_velocity: 0.0,
            roll: 0.0,
            pitch: 0.0,
            yaw: 1.0471975803375244,
            roll_speed: 0.0,
            pitch_speed: 0.0,
            yaw_speed: 3.1415927410125732
        }
18:44:17: [DEBUG] [/Users/rickytang/Coding/github/autonomy-bootcamp-2025-p2/modules/telemetry/telemetry.py | run | 114] Received ATTITUDE
18:44:18: [WARNING] [/Users/rickytang/Coding/github/autonomy-bootcamp-2025-p2/modules/telemetry/telemetry.py | run | 149] Timeout: Missing LOCAL_POSITION_NED message
18:44:18: [WARNING] [/Users/rickytang/Coding/github/autonomy-bootcamp-2025-p2/modules/telemetry/telemetry_worker.py | telemetry_worker | 70] Failed to get telemetry data
18:44:18: [DEBUG] [/Users/rickytang/Coding/github/autonomy-bootcamp-2025-p2/modules/telemetry/telemetry.py | run | 114] Received ATTITUDE
18:44:19: [WARNING] [/Users/rickytang/Coding/github/autonomy-bootcamp-2025-p2/modules/telemetry/telemetry.py | run | 149] Timeout: Missing LOCAL_POSITION_NED message
18:44:19: [WARNING] [/Users/rickytang/Coding/github/autonomy-bootcamp-2025-p2/modules/telemetry/telemetry_worker.py | telemetry_worker | 70] Failed to get telemetry data
18:44:20: [WARNING] [/Users/rickytang/Coding/github/autonomy-bootcamp-2025-p2/modules/telemetry/telemetry.py | run | 145] Timeout: No telemetry received
18:44:20: [WARNING] [/Users/rickytang/Coding/github/autonomy-bootcamp-2025-p2/modules/telemetry/telemetry_worker.py | telemetry_worker | 70] Failed to get telemetry data
18:44:21: [DEBUG] [/Users/rickytang/Coding/github/autonomy-bootcamp-2025-p2/modules/telemetry/telemetry.py | run | 114] Received ATTITUDE
18:44:21: [DEBUG] [/Users/rickytang/Coding/github/autonomy-bootcamp-2025-p2/modules/telemetry/telemetry.py | run | 120] Received LOCAL_POSITION_NED
18:44:21: [DEBUG] [/Users/rickytang/Coding/github/autonomy-bootcamp-2025-p2/modules/telemetry/telemetry_worker.py | telemetry_worker | 75] Telemetry: {
            time_since_boot: 0,
            x: 0.0,
            y: 0.0,
            z: 0.0,
            x_velocity: 1.0,
            y_velocity: 0.0,
            z_velocity: 0.0,
            roll: 0.0,
            pitch: 0.0,
            yaw: 0.0,
            roll_speed: 0.0,
            pitch_speed: 0.0,
            yaw_speed: 3.1415927410125732
        }
18:44:21: [DEBUG] [/Users/rickytang/Coding/github/autonomy-bootcamp-2025-p2/modules/telemetry/telemetry.py | run | 114] Received ATTITUDE
18:44:21: [DEBUG] [/Users/rickytang/Coding/github/autonomy-bootcamp-2025-p2/modules/telemetry/telemetry.py | run | 120] Received LOCAL_POSITION_NED
18:44:21: [DEBUG] [/Users/rickytang/Coding/github/autonomy-bootcamp-2025-p2/modules/telemetry/telemetry_worker.py | telemetry_worker | 75] Telemetry: {
            time_since_boot: 666,
            x: 0.6666666865348816,
            y: 0.0,
            z: 0.0,
            x_velocity: 1.0,
            y_velocity: 0.0,
            z_velocity: 0.0,
            roll: 0.0,
            pitch: 0.0,
            yaw: 1.5707963705062866,
            roll_speed: 0.0,
            pitch_speed: 0.0,
            yaw_speed: 3.1415927410125732
        }
18:44:21: [DEBUG] [/Users/rickytang/Coding/github/autonomy-bootcamp-2025-p2/modules/telemetry/telemetry.py | run | 114] Received ATTITUDE
18:44:21: [DEBUG] [/Users/rickytang/Coding/github/autonomy-bootcamp-2025-p2/modules/telemetry/telemetry.py | run | 120] Received LOCAL_POSITION_NED
18:44:21: [DEBUG] [/Users/rickytang/Coding/github/autonomy-bootcamp-2025-p2/modules/telemetry/telemetry_worker.py | telemetry_worker | 75] Telemetry: {
            time_since_boot: 1000,
            x: 1.0,
            y: 0.0,
            z: 0.0,
            x_velocity: 1.0,
            y_velocity: 0.0,
            z_velocity: 0.0,
            roll: 0.0,
            pitch: 0.0,
            yaw: 3.1415927410125732,
            roll_speed: 0.0,
            pitch_speed: 0.0,
            yaw_speed: 3.1415927410125732
        }
18:44:22: [DEBUG] [/Users/rickytang/Coding/github/autonomy-bootcamp-2025-p2/modules/telemetry/telemetry.py | run | 114] Received ATTITUDE
18:44:22: [DEBUG] [/Users/rickytang/Coding/github/autonomy-bootcamp-2025-p2/modules/telemetry/telemetry.py | run | 120] Received LOCAL_POSITION_NED
18:44:22: [DEBUG] [/Users/rickytang/Coding/github/autonomy-bootcamp-2025-p2/modules/telemetry/telemetry_worker.py | telemetry_worker | 75] Telemetry: {
            time_since_boot: 1666,
            x: 1.6666666269302368,
            y: 0.0,
            z: 0.0,
            x_velocity: 1.0,
            y_velocity: 0.0,
            z_velocity: 0.0,
            roll: 0.0,
            pitch: 0.0,
            yaw: -1.5707963705062866,
            roll_speed: 0.0,
            pitch_speed: 0.0,
            yaw_speed: 3.1415927410125732
        }
18:44:22: [DEBUG] [/Users/rickytang/Coding/github/autonomy-bootcamp-2025-p2/modules/telemetry/telemetry.py | run | 114] Received ATTITUDE
18:44:22: [DEBUG] [/Users/rickytang/Coding/github/autonomy-bootcamp-2025-p2/modules/telemetry/telemetry.py | run | 120] Received LOCAL_POSITION_NED
18:44:22: [DEBUG] [/Users/rickytang/Coding/github/autonomy-bootcamp-2025-p2/modules/telemetry/telemetry_worker.py | telemetry_worker | 75] Telemetry: {
            time_since_boot: 2000,
            x: 2.0,
            y: 0.0,
            z: 0.0,
            x_velocity: 1.0,
            y_velocity: 0.0,
            z_velocity: 0.0,
            roll: 0.0,
            pitch: 0.0,
            yaw: 0.0,
            roll_speed: 0.0,
            pitch_speed: 0.0,
            yaw_speed: 3.1415927410125732
        }
18:44:23: [DEBUG] [/Users/rickytang/Coding/github/autonomy-bootcamp-2025-p2/modules/telemetry/telemetry.py | run | 114] Received ATTITUDE
18:44:23: [DEBUG] [/Users/rickytang/Coding/github/autonomy-bootcamp-2025-p2/modules/telemetry/telemetry.py | run | 120] Received LOCAL_POSITION_NED
18:44:23: [DEBUG] [/Users/rickytang/Coding/github/autonomy-bootcamp-2025-p2/modules/telemetry/telemetry_worker.py | telemetry_worker | 75] Telemetry: {
            time_since_boot: 2666,
            x: 2.6666667461395264,
            y: 0.0,
            z: 0.0,
            x_velocity: 1.0,
            y_velocity: 0.0,
            z_velocity: 0.0,
            roll: 0.0,
            pitch: 0.0,
            yaw: 1.5707963705062866,
            roll_speed: 0.0,
            pitch_speed: 0.0,
            yaw_speed: 3.1415927410125732
        }
18:44:24: [DEBUG] [/Users/rickytang/Coding/github/autonomy-bootcamp-2025-p2/modules/telemetry/telemetry.py | run | 114] Received ATTITUDE
18:44:24: [DEBUG] [/Users/rickytang/Coding/github/autonomy-bootcamp-2025-p2/modules/telemetry/telemetry.py | run | 120] Received LOCAL_POSITION_NED
18:44:24: [DEBUG] [/Users/rickytang/Coding/github/autonomy-bootcamp-2025-p2/modules/telemetry/telemetry_worker.py | telemetry_worker | 75] Telemetry: {
            time_since_boot: 3000,
            x: 3.0,
            y: 0.0,
            z: 0.0,
            x_velocity: 1.0,
            y_velocity: 0.0,
            z_velocity: 0.0,
            roll: 0.0,
            pitch: 0.0,
            yaw: 3.1415927410125732,
            roll_speed: 0.0,
            pitch_speed: 0.0,
            yaw_speed: 3.1415927410125732
        }
18:44:24: [DEBUG] [/Users/rickytang/Coding/github/autonomy-bootcamp-2025-p2/modules/telemetry/telemetry.py | run | 114] Received ATTITUDE
18:44:24: [DEBUG] [/Users/rickytang/Coding/github/autonomy-bootcamp-2025-p2/modules/telemetry/telemetry.py | run | 120] Received LOCAL_POSITION_NED
18:44:24: [DEBUG] [/Users/rickytang/Coding/github/autonomy-bootcamp-2025-p2/modules/telemetry/telemetry_worker.py | telemetry_worker | 75] Telemetry: {
            time_since_boot: 3666,
            x: 3.6666667461395264,
            y: 0.0,
            z: 0.0,
            x_velocity: 1.0,
            y_velocity: 0.0,
            z_velocity: 0.0,
            roll: 0.0,
            pitch: 0.0,
            yaw: -1.5707963705062866,
            roll_speed: 0.0,
            pitch_speed: 0.0,
            yaw_speed: 3.1415927410125732
        }
18:44:25: [DEBUG] [/Users/rickytang/Coding/github/autonomy-bootcamp-2025-p2/modules/telemetry/telemetry.py | run | 114] Received ATTITUDE
18:44:25: [DEBUG] [/Users/rickytang/Coding/github/autonomy-bootcamp-2025-p2/modules/telemetry/telemetry.py | run | 120] Received LOCAL_POSITION_NED
18:44:25: [DEBUG] [/Users/rickytang/Coding/github/autonomy-bootcamp-2025-p2/modules/telemetry/telemetry_worker.py | telemetry_worker | 75] Telemetry: {
            time_since_boot: 4000,
            x: 4.0,
            y: 0.0,
            z: 0.0,
            x_velocity: 1.0,
            y_velocity: 0.0,
            z_velocity: 0.0,
            roll: 0.0,
            pitch: 0.0,
            yaw: 0.0,
            roll_speed: 0.0,
            pitch_speed: 0.0,
            yaw_speed: 3.1415927410125732
        }
18:44:25: [DEBUG] [/Users/rickytang/Coding/github/autonomy-bootcamp-2025-p2/modules/telemetry/telemetry.py | run | 114] Received ATTITUDE
18:44:25: [DEBUG] [/Users/rickytang/Coding/github/autonomy-bootcamp-2025-p2/modules/telemetry/telemetry.py | run | 120] Received LOCAL_POSITION_NED
18:44:25: [DEBUG] [/Users/rickytang/Coding/github/autonomy-bootcamp-2025-p2/modules/telemetry/telemetry_worker.py | telemetry_worker | 75] Telemetry: {
            time_since_boot: 4666,
            x: 4.666666507720947,
            y: 0.0,
            z: 0.0,
            x_velocity: 1.0,
            y_velocity: 0.0,
            z_velocity: 0.0,
            roll: 0.0,
            pitch: 0.0,
            yaw: 1.5707963705062866,
            roll_speed: 0.0,
            pitch_speed: 0.0,
            yaw_speed: 3.1415927410125732
        }
18:44:26: [WARNING] [/Users/rickytang/Coding/github/autonomy-bootcamp-2025-p2/modules/telemetry/telemetry.py | run | 145] Timeout: No telemetry received
18:44:26: [WARNING] [/Users/rickytang/Coding/github/autonomy-bootcamp-2025-p2/modules/telemetry/telemetry_worker.py | telemetry_worker | 70] Failed to get telemetry data
