13:41:28: [INFO] [C:\Coding\WARG Autonomy\autonomy-bootcamp-2025-p2\modules\telemetry\telemetry_worker.py | telemetry_worker | 48] Logger initialized
13:41:28: [INFO] [C:\Coding\WARG Autonomy\autonomy-bootcamp-2025-p2\modules\telemetry\telemetry_worker.py | telemetry_worker | 59] Telemetry instance created
13:41:28: [INFO] [C:\Coding\WARG Autonomy\autonomy-bootcamp-2025-p2\modules\telemetry\telemetry.py | run | 125] Received attitude
13:41:28: [INFO] [C:\Coding\WARG Autonomy\autonomy-bootcamp-2025-p2\modules\telemetry\telemetry.py | run | 120] Received position
13:41:28: [INFO] [C:\Coding\WARG Autonomy\autonomy-bootcamp-2025-p2\modules\telemetry\telemetry.py | run | 144] Created telemetry data
13:41:28: [INFO] [C:\Coding\WARG Autonomy\autonomy-bootcamp-2025-p2\modules\telemetry\telemetry_worker.py | telemetry_worker | 70] Telemetry data {
            time_since_boot: 0,
            x: 0.0,
            y: 0.0,
            z: 0.0,
            x_velocity: 1.0,
            y_velocity: 0.0,
            z_velocity: 0.0,
            roll: 0.0,
            pitch: 0.0,
            yaw: 0.0,
            roll_speed: 0.0,
            pitch_speed: 0.0,
            yaw_speed: 3.1415927410125732
        }
13:41:28: [INFO] [C:\Coding\WARG Autonomy\autonomy-bootcamp-2025-p2\modules\telemetry\telemetry.py | run | 125] Received attitude
13:41:28: [INFO] [C:\Coding\WARG Autonomy\autonomy-bootcamp-2025-p2\modules\telemetry\telemetry.py | run | 120] Received position
13:41:28: [INFO] [C:\Coding\WARG Autonomy\autonomy-bootcamp-2025-p2\modules\telemetry\telemetry.py | run | 144] Created telemetry data
13:41:28: [INFO] [C:\Coding\WARG Autonomy\autonomy-bootcamp-2025-p2\modules\telemetry\telemetry_worker.py | telemetry_worker | 70] Telemetry data {
            time_since_boot: 500,
            x: 0.5,
            y: 0.0,
            z: 0.0,
            x_velocity: 1.0,
            y_velocity: 0.0,
            z_velocity: 0.0,
            roll: 0.0,
            pitch: 0.0,
            yaw: 1.0471975803375244,
            roll_speed: 0.0,
            pitch_speed: 0.0,
            yaw_speed: 3.1415927410125732
        }
13:41:29: [INFO] [C:\Coding\WARG Autonomy\autonomy-bootcamp-2025-p2\modules\telemetry\telemetry.py | run | 125] Received attitude
13:41:29: [INFO] [C:\Coding\WARG Autonomy\autonomy-bootcamp-2025-p2\modules\telemetry\telemetry.py | run | 125] Received attitude
13:41:29: [INFO] [C:\Coding\WARG Autonomy\autonomy-bootcamp-2025-p2\modules\telemetry\telemetry.py | run | 120] Received position
13:41:29: [INFO] [C:\Coding\WARG Autonomy\autonomy-bootcamp-2025-p2\modules\telemetry\telemetry.py | run | 144] Created telemetry data
13:41:29: [INFO] [C:\Coding\WARG Autonomy\autonomy-bootcamp-2025-p2\modules\telemetry\telemetry_worker.py | telemetry_worker | 70] Telemetry data {
            time_since_boot: 1000,
            x: 1.0,
            y: 0.0,
            z: 0.0,
            x_velocity: 1.0,
            y_velocity: 0.0,
            z_velocity: 0.0,
            roll: 0.0,
            pitch: 0.0,
            yaw: 3.1415927410125732,
            roll_speed: 0.0,
            pitch_speed: 0.0,
            yaw_speed: 3.1415927410125732
        }
13:41:29: [INFO] [C:\Coding\WARG Autonomy\autonomy-bootcamp-2025-p2\modules\telemetry\telemetry.py | run | 125] Received attitude
13:41:29: [INFO] [C:\Coding\WARG Autonomy\autonomy-bootcamp-2025-p2\modules\telemetry\telemetry.py | run | 120] Received position
13:41:29: [INFO] [C:\Coding\WARG Autonomy\autonomy-bootcamp-2025-p2\modules\telemetry\telemetry.py | run | 144] Created telemetry data
13:41:29: [INFO] [C:\Coding\WARG Autonomy\autonomy-bootcamp-2025-p2\modules\telemetry\telemetry_worker.py | telemetry_worker | 70] Telemetry data {
            time_since_boot: 1500,
            x: 1.5,
            y: 0.0,
            z: 0.0,
            x_velocity: 1.0,
            y_velocity: 0.0,
            z_velocity: 0.0,
            roll: 0.0,
            pitch: 0.0,
            yaw: -2.094395160675049,
            roll_speed: 0.0,
            pitch_speed: 0.0,
            yaw_speed: 3.1415927410125732
        }
13:41:30: [INFO] [C:\Coding\WARG Autonomy\autonomy-bootcamp-2025-p2\modules\telemetry\telemetry.py | run | 125] Received attitude
13:41:30: [INFO] [C:\Coding\WARG Autonomy\autonomy-bootcamp-2025-p2\modules\telemetry\telemetry.py | run | 125] Received attitude
13:41:30: [INFO] [C:\Coding\WARG Autonomy\autonomy-bootcamp-2025-p2\modules\telemetry\telemetry.py | run | 120] Received position
13:41:30: [INFO] [C:\Coding\WARG Autonomy\autonomy-bootcamp-2025-p2\modules\telemetry\telemetry.py | run | 144] Created telemetry data
13:41:30: [INFO] [C:\Coding\WARG Autonomy\autonomy-bootcamp-2025-p2\modules\telemetry\telemetry_worker.py | telemetry_worker | 70] Telemetry data {
            time_since_boot: 2000,
            x: 2.0,
            y: 0.0,
            z: 0.0,
            x_velocity: 1.0,
            y_velocity: 0.0,
            z_velocity: 0.0,
            roll: 0.0,
            pitch: 0.0,
            yaw: 0.0,
            roll_speed: 0.0,
            pitch_speed: 0.0,
            yaw_speed: 3.1415927410125732
        }
13:41:30: [INFO] [C:\Coding\WARG Autonomy\autonomy-bootcamp-2025-p2\modules\telemetry\telemetry.py | run | 125] Received attitude
13:41:30: [INFO] [C:\Coding\WARG Autonomy\autonomy-bootcamp-2025-p2\modules\telemetry\telemetry.py | run | 120] Received position
13:41:30: [INFO] [C:\Coding\WARG Autonomy\autonomy-bootcamp-2025-p2\modules\telemetry\telemetry.py | run | 144] Created telemetry data
13:41:30: [INFO] [C:\Coding\WARG Autonomy\autonomy-bootcamp-2025-p2\modules\telemetry\telemetry_worker.py | telemetry_worker | 70] Telemetry data {
            time_since_boot: 2501,
            x: 2.5,
            y: 0.0,
            z: 0.0,
            x_velocity: 1.0,
            y_velocity: 0.0,
            z_velocity: 0.0,
            roll: 0.0,
            pitch: 0.0,
            yaw: 1.0471975803375244,
            roll_speed: 0.0,
            pitch_speed: 0.0,
            yaw_speed: 3.1415927410125732
        }
13:41:31: [INFO] [C:\Coding\WARG Autonomy\autonomy-bootcamp-2025-p2\modules\telemetry\telemetry.py | run | 125] Received attitude
13:41:31: [INFO] [C:\Coding\WARG Autonomy\autonomy-bootcamp-2025-p2\modules\telemetry\telemetry.py | run | 125] Received attitude
13:41:31: [INFO] [C:\Coding\WARG Autonomy\autonomy-bootcamp-2025-p2\modules\telemetry\telemetry.py | run | 120] Received position
13:41:31: [INFO] [C:\Coding\WARG Autonomy\autonomy-bootcamp-2025-p2\modules\telemetry\telemetry.py | run | 144] Created telemetry data
13:41:31: [INFO] [C:\Coding\WARG Autonomy\autonomy-bootcamp-2025-p2\modules\telemetry\telemetry_worker.py | telemetry_worker | 70] Telemetry data {
            time_since_boot: 3000,
            x: 3.0,
            y: 0.0,
            z: 0.0,
            x_velocity: 1.0,
            y_velocity: 0.0,
            z_velocity: 0.0,
            roll: 0.0,
            pitch: 0.0,
            yaw: 3.1415927410125732,
            roll_speed: 0.0,
            pitch_speed: 0.0,
            yaw_speed: 3.1415927410125732
        }
13:41:31: [INFO] [C:\Coding\WARG Autonomy\autonomy-bootcamp-2025-p2\modules\telemetry\telemetry.py | run | 125] Received attitude
13:41:31: [INFO] [C:\Coding\WARG Autonomy\autonomy-bootcamp-2025-p2\modules\telemetry\telemetry.py | run | 120] Received position
13:41:31: [INFO] [C:\Coding\WARG Autonomy\autonomy-bootcamp-2025-p2\modules\telemetry\telemetry.py | run | 144] Created telemetry data
13:41:31: [INFO] [C:\Coding\WARG Autonomy\autonomy-bootcamp-2025-p2\modules\telemetry\telemetry_worker.py | telemetry_worker | 70] Telemetry data {
            time_since_boot: 3501,
            x: 3.5,
            y: 0.0,
            z: 0.0,
            x_velocity: 1.0,
            y_velocity: 0.0,
            z_velocity: 0.0,
            roll: 0.0,
            pitch: 0.0,
            yaw: -2.094395160675049,
            roll_speed: 0.0,
            pitch_speed: 0.0,
            yaw_speed: 3.1415927410125732
        }
13:41:32: [INFO] [C:\Coding\WARG Autonomy\autonomy-bootcamp-2025-p2\modules\telemetry\telemetry.py | run | 125] Received attitude
13:41:32: [INFO] [C:\Coding\WARG Autonomy\autonomy-bootcamp-2025-p2\modules\telemetry\telemetry.py | run | 125] Received attitude
13:41:32: [INFO] [C:\Coding\WARG Autonomy\autonomy-bootcamp-2025-p2\modules\telemetry\telemetry.py | run | 120] Received position
13:41:32: [INFO] [C:\Coding\WARG Autonomy\autonomy-bootcamp-2025-p2\modules\telemetry\telemetry.py | run | 144] Created telemetry data
13:41:32: [INFO] [C:\Coding\WARG Autonomy\autonomy-bootcamp-2025-p2\modules\telemetry\telemetry_worker.py | telemetry_worker | 70] Telemetry data {
            time_since_boot: 4000,
            x: 4.0,
            y: 0.0,
            z: 0.0,
            x_velocity: 1.0,
            y_velocity: 0.0,
            z_velocity: 0.0,
            roll: 0.0,
            pitch: 0.0,
            yaw: 0.0,
            roll_speed: 0.0,
            pitch_speed: 0.0,
            yaw_speed: 3.1415927410125732
        }
13:41:32: [INFO] [C:\Coding\WARG Autonomy\autonomy-bootcamp-2025-p2\modules\telemetry\telemetry.py | run | 125] Received attitude
13:41:32: [INFO] [C:\Coding\WARG Autonomy\autonomy-bootcamp-2025-p2\modules\telemetry\telemetry.py | run | 120] Received position
13:41:32: [INFO] [C:\Coding\WARG Autonomy\autonomy-bootcamp-2025-p2\modules\telemetry\telemetry.py | run | 144] Created telemetry data
13:41:32: [INFO] [C:\Coding\WARG Autonomy\autonomy-bootcamp-2025-p2\modules\telemetry\telemetry_worker.py | telemetry_worker | 70] Telemetry data {
            time_since_boot: 4510,
            x: 4.5,
            y: 0.0,
            z: 0.0,
            x_velocity: 1.0,
            y_velocity: 0.0,
            z_velocity: 0.0,
            roll: 0.0,
            pitch: 0.0,
            yaw: 1.0471975803375244,
            roll_speed: 0.0,
            pitch_speed: 0.0,
            yaw_speed: 3.1415927410125732
        }
13:41:33: [INFO] [C:\Coding\WARG Autonomy\autonomy-bootcamp-2025-p2\modules\telemetry\telemetry.py | run | 125] Received attitude
13:41:34: [INFO] [C:\Coding\WARG Autonomy\autonomy-bootcamp-2025-p2\modules\telemetry\telemetry.py | run | 125] Received attitude
13:41:35: [INFO] [C:\Coding\WARG Autonomy\autonomy-bootcamp-2025-p2\modules\telemetry\telemetry.py | run | 120] Received position
13:41:35: [INFO] [C:\Coding\WARG Autonomy\autonomy-bootcamp-2025-p2\modules\telemetry\telemetry.py | run | 144] Created telemetry data
13:41:35: [INFO] [C:\Coding\WARG Autonomy\autonomy-bootcamp-2025-p2\modules\telemetry\telemetry_worker.py | telemetry_worker | 70] Telemetry data {
            time_since_boot: 999,
            x: 3.0,
            y: 2.0,
            z: 1.0,
            x_velocity: 777.0,
            y_velocity: 777.0,
            z_velocity: 777.0,
            roll: 1.0,
            pitch: 2.0,
            yaw: 3.0,
            roll_speed: 555.0,
            pitch_speed: 555.0,
            yaw_speed: 555.0
        }
13:41:36: [INFO] [C:\Coding\WARG Autonomy\autonomy-bootcamp-2025-p2\modules\telemetry\telemetry.py | run | 125] Received attitude
13:41:36: [INFO] [C:\Coding\WARG Autonomy\autonomy-bootcamp-2025-p2\modules\telemetry\telemetry.py | run | 120] Received position
13:41:36: [INFO] [C:\Coding\WARG Autonomy\autonomy-bootcamp-2025-p2\modules\telemetry\telemetry.py | run | 144] Created telemetry data
13:41:36: [INFO] [C:\Coding\WARG Autonomy\autonomy-bootcamp-2025-p2\modules\telemetry\telemetry_worker.py | telemetry_worker | 70] Telemetry data {
            time_since_boot: 0,
            x: 0.0,
            y: 0.0,
            z: 0.0,
            x_velocity: 1.0,
            y_velocity: 0.0,
            z_velocity: 0.0,
            roll: 0.0,
            pitch: 0.0,
            yaw: 0.0,
            roll_speed: 0.0,
            pitch_speed: 0.0,
            yaw_speed: 3.1415927410125732
        }
13:41:36: [INFO] [C:\Coding\WARG Autonomy\autonomy-bootcamp-2025-p2\modules\telemetry\telemetry.py | run | 120] Received position
13:41:36: [INFO] [C:\Coding\WARG Autonomy\autonomy-bootcamp-2025-p2\modules\telemetry\telemetry.py | run | 125] Received attitude
13:41:36: [INFO] [C:\Coding\WARG Autonomy\autonomy-bootcamp-2025-p2\modules\telemetry\telemetry.py | run | 144] Created telemetry data
13:41:36: [INFO] [C:\Coding\WARG Autonomy\autonomy-bootcamp-2025-p2\modules\telemetry\telemetry_worker.py | telemetry_worker | 70] Telemetry data {
            time_since_boot: 501,
            x: 0.3333333432674408,
            y: 0.0,
            z: 0.0,
            x_velocity: 1.0,
            y_velocity: 0.0,
            z_velocity: 0.0,
            roll: 0.0,
            pitch: 0.0,
            yaw: 1.5707963705062866,
            roll_speed: 0.0,
            pitch_speed: 0.0,
            yaw_speed: 3.1415927410125732
        }
13:41:37: [INFO] [C:\Coding\WARG Autonomy\autonomy-bootcamp-2025-p2\modules\telemetry\telemetry.py | run | 120] Received position
13:41:37: [INFO] [C:\Coding\WARG Autonomy\autonomy-bootcamp-2025-p2\modules\telemetry\telemetry.py | run | 125] Received attitude
13:41:37: [INFO] [C:\Coding\WARG Autonomy\autonomy-bootcamp-2025-p2\modules\telemetry\telemetry.py | run | 144] Created telemetry data
13:41:37: [INFO] [C:\Coding\WARG Autonomy\autonomy-bootcamp-2025-p2\modules\telemetry\telemetry_worker.py | telemetry_worker | 70] Telemetry data {
            time_since_boot: 1000,
            x: 0.6666666865348816,
            y: 0.0,
            z: 0.0,
            x_velocity: 1.0,
            y_velocity: 0.0,
            z_velocity: 0.0,
            roll: 0.0,
            pitch: 0.0,
            yaw: 3.1415927410125732,
            roll_speed: 0.0,
            pitch_speed: 0.0,
            yaw_speed: 3.1415927410125732
        }
13:41:37: [INFO] [C:\Coding\WARG Autonomy\autonomy-bootcamp-2025-p2\modules\telemetry\telemetry.py | run | 120] Received position
13:41:37: [INFO] [C:\Coding\WARG Autonomy\autonomy-bootcamp-2025-p2\modules\telemetry\telemetry.py | run | 120] Received position
13:41:37: [INFO] [C:\Coding\WARG Autonomy\autonomy-bootcamp-2025-p2\modules\telemetry\telemetry.py | run | 125] Received attitude
13:41:37: [INFO] [C:\Coding\WARG Autonomy\autonomy-bootcamp-2025-p2\modules\telemetry\telemetry.py | run | 144] Created telemetry data
13:41:37: [INFO] [C:\Coding\WARG Autonomy\autonomy-bootcamp-2025-p2\modules\telemetry\telemetry_worker.py | telemetry_worker | 70] Telemetry data {
            time_since_boot: 1508,
            x: 1.3333333730697632,
            y: 0.0,
            z: 0.0,
            x_velocity: 1.0,
            y_velocity: 0.0,
            z_velocity: 0.0,
            roll: 0.0,
            pitch: 0.0,
            yaw: -1.5707963705062866,
            roll_speed: 0.0,
            pitch_speed: 0.0,
            yaw_speed: 3.1415927410125732
        }
13:41:38: [INFO] [C:\Coding\WARG Autonomy\autonomy-bootcamp-2025-p2\modules\telemetry\telemetry.py | run | 120] Received position
13:41:38: [INFO] [C:\Coding\WARG Autonomy\autonomy-bootcamp-2025-p2\modules\telemetry\telemetry.py | run | 125] Received attitude
13:41:38: [INFO] [C:\Coding\WARG Autonomy\autonomy-bootcamp-2025-p2\modules\telemetry\telemetry.py | run | 144] Created telemetry data
13:41:38: [INFO] [C:\Coding\WARG Autonomy\autonomy-bootcamp-2025-p2\modules\telemetry\telemetry_worker.py | telemetry_worker | 70] Telemetry data {
            time_since_boot: 2000,
            x: 1.6666666269302368,
            y: 0.0,
            z: 0.0,
            x_velocity: 1.0,
            y_velocity: 0.0,
            z_velocity: 0.0,
            roll: 0.0,
            pitch: 0.0,
            yaw: 0.0,
            roll_speed: 0.0,
            pitch_speed: 0.0,
            yaw_speed: 3.1415927410125732
        }
13:41:38: [INFO] [C:\Coding\WARG Autonomy\autonomy-bootcamp-2025-p2\modules\telemetry\telemetry.py | run | 120] Received position
13:41:38: [INFO] [C:\Coding\WARG Autonomy\autonomy-bootcamp-2025-p2\modules\telemetry\telemetry.py | run | 120] Received position
13:41:38: [INFO] [C:\Coding\WARG Autonomy\autonomy-bootcamp-2025-p2\modules\telemetry\telemetry.py | run | 125] Received attitude
13:41:38: [INFO] [C:\Coding\WARG Autonomy\autonomy-bootcamp-2025-p2\modules\telemetry\telemetry.py | run | 144] Created telemetry data
13:41:38: [INFO] [C:\Coding\WARG Autonomy\autonomy-bootcamp-2025-p2\modules\telemetry\telemetry_worker.py | telemetry_worker | 70] Telemetry data {
            time_since_boot: 2502,
            x: 2.3333332538604736,
            y: 0.0,
            z: 0.0,
            x_velocity: 1.0,
            y_velocity: 0.0,
            z_velocity: 0.0,
            roll: 0.0,
            pitch: 0.0,
            yaw: 1.5707963705062866,
            roll_speed: 0.0,
            pitch_speed: 0.0,
            yaw_speed: 3.1415927410125732
        }
13:41:39: [INFO] [C:\Coding\WARG Autonomy\autonomy-bootcamp-2025-p2\modules\telemetry\telemetry.py | run | 120] Received position
13:41:39: [INFO] [C:\Coding\WARG Autonomy\autonomy-bootcamp-2025-p2\modules\telemetry\telemetry.py | run | 125] Received attitude
13:41:39: [INFO] [C:\Coding\WARG Autonomy\autonomy-bootcamp-2025-p2\modules\telemetry\telemetry.py | run | 144] Created telemetry data
13:41:39: [INFO] [C:\Coding\WARG Autonomy\autonomy-bootcamp-2025-p2\modules\telemetry\telemetry_worker.py | telemetry_worker | 70] Telemetry data {
            time_since_boot: 3000,
            x: 2.6666667461395264,
            y: 0.0,
            z: 0.0,
            x_velocity: 1.0,
            y_velocity: 0.0,
            z_velocity: 0.0,
            roll: 0.0,
            pitch: 0.0,
            yaw: 3.1415927410125732,
            roll_speed: 0.0,
            pitch_speed: 0.0,
            yaw_speed: 3.1415927410125732
        }
13:41:39: [INFO] [C:\Coding\WARG Autonomy\autonomy-bootcamp-2025-p2\modules\telemetry\telemetry.py | run | 120] Received position
13:41:39: [INFO] [C:\Coding\WARG Autonomy\autonomy-bootcamp-2025-p2\modules\telemetry\telemetry.py | run | 120] Received position
13:41:39: [INFO] [C:\Coding\WARG Autonomy\autonomy-bootcamp-2025-p2\modules\telemetry\telemetry.py | run | 125] Received attitude
13:41:39: [INFO] [C:\Coding\WARG Autonomy\autonomy-bootcamp-2025-p2\modules\telemetry\telemetry.py | run | 144] Created telemetry data
13:41:39: [INFO] [C:\Coding\WARG Autonomy\autonomy-bootcamp-2025-p2\modules\telemetry\telemetry_worker.py | telemetry_worker | 70] Telemetry data {
            time_since_boot: 3507,
            x: 3.3333332538604736,
            y: 0.0,
            z: 0.0,
            x_velocity: 1.0,
            y_velocity: 0.0,
            z_velocity: 0.0,
            roll: 0.0,
            pitch: 0.0,
            yaw: -1.5707963705062866,
            roll_speed: 0.0,
            pitch_speed: 0.0,
            yaw_speed: 3.1415927410125732
        }
13:41:40: [INFO] [C:\Coding\WARG Autonomy\autonomy-bootcamp-2025-p2\modules\telemetry\telemetry.py | run | 120] Received position
13:41:40: [INFO] [C:\Coding\WARG Autonomy\autonomy-bootcamp-2025-p2\modules\telemetry\telemetry.py | run | 125] Received attitude
13:41:40: [INFO] [C:\Coding\WARG Autonomy\autonomy-bootcamp-2025-p2\modules\telemetry\telemetry.py | run | 144] Created telemetry data
13:41:40: [INFO] [C:\Coding\WARG Autonomy\autonomy-bootcamp-2025-p2\modules\telemetry\telemetry_worker.py | telemetry_worker | 70] Telemetry data {
            time_since_boot: 4000,
            x: 3.6666667461395264,
            y: 0.0,
            z: 0.0,
            x_velocity: 1.0,
            y_velocity: 0.0,
            z_velocity: 0.0,
            roll: 0.0,
            pitch: 0.0,
            yaw: 0.0,
            roll_speed: 0.0,
            pitch_speed: 0.0,
            yaw_speed: 3.1415927410125732
        }
13:41:40: [INFO] [C:\Coding\WARG Autonomy\autonomy-bootcamp-2025-p2\modules\telemetry\telemetry.py | run | 120] Received position
13:41:40: [INFO] [C:\Coding\WARG Autonomy\autonomy-bootcamp-2025-p2\modules\telemetry\telemetry.py | run | 120] Received position
13:41:40: [INFO] [C:\Coding\WARG Autonomy\autonomy-bootcamp-2025-p2\modules\telemetry\telemetry.py | run | 125] Received attitude
13:41:40: [INFO] [C:\Coding\WARG Autonomy\autonomy-bootcamp-2025-p2\modules\telemetry\telemetry.py | run | 144] Created telemetry data
13:41:40: [INFO] [C:\Coding\WARG Autonomy\autonomy-bootcamp-2025-p2\modules\telemetry\telemetry_worker.py | telemetry_worker | 70] Telemetry data {
            time_since_boot: 4505,
            x: 4.333333492279053,
            y: 0.0,
            z: 0.0,
            x_velocity: 1.0,
            y_velocity: 0.0,
            z_velocity: 0.0,
            roll: 0.0,
            pitch: 0.0,
            yaw: 1.5707963705062866,
            roll_speed: 0.0,
            pitch_speed: 0.0,
            yaw_speed: 3.1415927410125732
        }
13:41:41: [INFO] [C:\Coding\WARG Autonomy\autonomy-bootcamp-2025-p2\modules\telemetry\telemetry.py | run | 120] Received position
13:41:44: [ERROR] [C:\Coding\WARG Autonomy\autonomy-bootcamp-2025-p2\modules\telemetry\telemetry.py | run | 147] Did not receive telemetry data within timeout frame
13:41:44: [WARNING] [C:\Coding\WARG Autonomy\autonomy-bootcamp-2025-p2\modules\telemetry\telemetry_worker.py | telemetry_worker | 67] Telemetry data not received, timed out
