20:50:57: [INFO] [C:\Users\User\autonomy-bootcamp-2025-p2\modules\telemetry\telemetry_worker.py | telemetry_worker | 46] Logger initialized
20:50:57: [INFO] [C:\Users\User\autonomy-bootcamp-2025-p2\modules\telemetry\telemetry_worker.py | telemetry_worker | 60] Telemetry created
20:50:57: [INFO] [C:\Users\User\autonomy-bootcamp-2025-p2\modules\telemetry\telemetry.py | run | 120] Received LOCAL_POSITION_NED
20:50:57: [INFO] [C:\Users\User\autonomy-bootcamp-2025-p2\modules\telemetry\telemetry.py | run | 127] Received ATTITUDE
20:50:57: [INFO] [C:\Users\User\autonomy-bootcamp-2025-p2\modules\telemetry\telemetry.py | run | 149] Created TelemetryData
20:50:57: [INFO] [C:\Users\User\autonomy-bootcamp-2025-p2\modules\telemetry\telemetry_worker.py | telemetry_worker | 70] Sent telemetry data: {
            time_since_boot: 0,
            x: 0.0,
            y: 0.0,
            z: 0.0,
            x_velocity: 1.0,
            y_velocity: 0.0,
            z_velocity: 0.0,
            roll: 0.0,
            pitch: 0.0,
            yaw: 1.0471975803375244,
            roll_speed: 0.0,
            pitch_speed: 0.0,
            yaw_speed: 3.1415927410125732
        }
20:50:57: [INFO] [C:\Users\User\autonomy-bootcamp-2025-p2\modules\telemetry\telemetry.py | run | 120] Received LOCAL_POSITION_NED
20:50:57: [INFO] [C:\Users\User\autonomy-bootcamp-2025-p2\modules\telemetry\telemetry.py | run | 127] Received ATTITUDE
20:50:57: [INFO] [C:\Users\User\autonomy-bootcamp-2025-p2\modules\telemetry\telemetry.py | run | 149] Created TelemetryData
20:50:57: [INFO] [C:\Users\User\autonomy-bootcamp-2025-p2\modules\telemetry\telemetry_worker.py | telemetry_worker | 70] Sent telemetry data: {
            time_since_boot: 500,
            x: 0.5,
            y: 0.0,
            z: 0.0,
            x_velocity: 1.0,
            y_velocity: 0.0,
            z_velocity: 0.0,
            roll: 0.0,
            pitch: 0.0,
            yaw: 2.094395160675049,
            roll_speed: 0.0,
            pitch_speed: 0.0,
            yaw_speed: 3.1415927410125732
        }
20:50:57: [INFO] [C:\Users\User\autonomy-bootcamp-2025-p2\modules\telemetry\telemetry.py | run | 120] Received LOCAL_POSITION_NED
20:50:58: [INFO] [C:\Users\User\autonomy-bootcamp-2025-p2\modules\telemetry\telemetry.py | run | 127] Received ATTITUDE
20:50:58: [INFO] [C:\Users\User\autonomy-bootcamp-2025-p2\modules\telemetry\telemetry.py | run | 149] Created TelemetryData
20:50:58: [INFO] [C:\Users\User\autonomy-bootcamp-2025-p2\modules\telemetry\telemetry_worker.py | telemetry_worker | 70] Sent telemetry data: {
            time_since_boot: 1000,
            x: 1.0,
            y: 0.0,
            z: 0.0,
            x_velocity: 1.0,
            y_velocity: 0.0,
            z_velocity: 0.0,
            roll: 0.0,
            pitch: 0.0,
            yaw: -2.094395160675049,
            roll_speed: 0.0,
            pitch_speed: 0.0,
            yaw_speed: 3.1415927410125732
        }
20:50:58: [INFO] [C:\Users\User\autonomy-bootcamp-2025-p2\modules\telemetry\telemetry.py | run | 120] Received LOCAL_POSITION_NED
20:50:58: [INFO] [C:\Users\User\autonomy-bootcamp-2025-p2\modules\telemetry\telemetry.py | run | 127] Received ATTITUDE
20:50:58: [INFO] [C:\Users\User\autonomy-bootcamp-2025-p2\modules\telemetry\telemetry.py | run | 149] Created TelemetryData
20:50:58: [INFO] [C:\Users\User\autonomy-bootcamp-2025-p2\modules\telemetry\telemetry_worker.py | telemetry_worker | 70] Sent telemetry data: {
            time_since_boot: 1500,
            x: 1.5,
            y: 0.0,
            z: 0.0,
            x_velocity: 1.0,
            y_velocity: 0.0,
            z_velocity: 0.0,
            roll: 0.0,
            pitch: 0.0,
            yaw: -1.0471975803375244,
            roll_speed: 0.0,
            pitch_speed: 0.0,
            yaw_speed: 3.1415927410125732
        }
20:50:58: [INFO] [C:\Users\User\autonomy-bootcamp-2025-p2\modules\telemetry\telemetry.py | run | 120] Received LOCAL_POSITION_NED
20:50:59: [INFO] [C:\Users\User\autonomy-bootcamp-2025-p2\modules\telemetry\telemetry.py | run | 127] Received ATTITUDE
20:50:59: [INFO] [C:\Users\User\autonomy-bootcamp-2025-p2\modules\telemetry\telemetry.py | run | 149] Created TelemetryData
20:50:59: [INFO] [C:\Users\User\autonomy-bootcamp-2025-p2\modules\telemetry\telemetry_worker.py | telemetry_worker | 70] Sent telemetry data: {
            time_since_boot: 2000,
            x: 2.0,
            y: 0.0,
            z: 0.0,
            x_velocity: 1.0,
            y_velocity: 0.0,
            z_velocity: 0.0,
            roll: 0.0,
            pitch: 0.0,
            yaw: 1.0471975803375244,
            roll_speed: 0.0,
            pitch_speed: 0.0,
            yaw_speed: 3.1415927410125732
        }
20:50:59: [INFO] [C:\Users\User\autonomy-bootcamp-2025-p2\modules\telemetry\telemetry.py | run | 120] Received LOCAL_POSITION_NED
20:50:59: [INFO] [C:\Users\User\autonomy-bootcamp-2025-p2\modules\telemetry\telemetry.py | run | 127] Received ATTITUDE
20:50:59: [INFO] [C:\Users\User\autonomy-bootcamp-2025-p2\modules\telemetry\telemetry.py | run | 149] Created TelemetryData
20:50:59: [INFO] [C:\Users\User\autonomy-bootcamp-2025-p2\modules\telemetry\telemetry_worker.py | telemetry_worker | 70] Sent telemetry data: {
            time_since_boot: 2500,
            x: 2.5,
            y: 0.0,
            z: 0.0,
            x_velocity: 1.0,
            y_velocity: 0.0,
            z_velocity: 0.0,
            roll: 0.0,
            pitch: 0.0,
            yaw: 2.094395160675049,
            roll_speed: 0.0,
            pitch_speed: 0.0,
            yaw_speed: 3.1415927410125732
        }
20:50:59: [INFO] [C:\Users\User\autonomy-bootcamp-2025-p2\modules\telemetry\telemetry.py | run | 120] Received LOCAL_POSITION_NED
20:51:00: [INFO] [C:\Users\User\autonomy-bootcamp-2025-p2\modules\telemetry\telemetry.py | run | 127] Received ATTITUDE
20:51:00: [INFO] [C:\Users\User\autonomy-bootcamp-2025-p2\modules\telemetry\telemetry.py | run | 149] Created TelemetryData
20:51:00: [INFO] [C:\Users\User\autonomy-bootcamp-2025-p2\modules\telemetry\telemetry_worker.py | telemetry_worker | 70] Sent telemetry data: {
            time_since_boot: 3000,
            x: 3.0,
            y: 0.0,
            z: 0.0,
            x_velocity: 1.0,
            y_velocity: 0.0,
            z_velocity: 0.0,
            roll: 0.0,
            pitch: 0.0,
            yaw: -2.094395160675049,
            roll_speed: 0.0,
            pitch_speed: 0.0,
            yaw_speed: 3.1415927410125732
        }
20:51:00: [INFO] [C:\Users\User\autonomy-bootcamp-2025-p2\modules\telemetry\telemetry.py | run | 120] Received LOCAL_POSITION_NED
20:51:00: [INFO] [C:\Users\User\autonomy-bootcamp-2025-p2\modules\telemetry\telemetry.py | run | 127] Received ATTITUDE
20:51:00: [INFO] [C:\Users\User\autonomy-bootcamp-2025-p2\modules\telemetry\telemetry.py | run | 149] Created TelemetryData
20:51:00: [INFO] [C:\Users\User\autonomy-bootcamp-2025-p2\modules\telemetry\telemetry_worker.py | telemetry_worker | 70] Sent telemetry data: {
            time_since_boot: 3500,
            x: 3.5,
            y: 0.0,
            z: 0.0,
            x_velocity: 1.0,
            y_velocity: 0.0,
            z_velocity: 0.0,
            roll: 0.0,
            pitch: 0.0,
            yaw: -1.0471975803375244,
            roll_speed: 0.0,
            pitch_speed: 0.0,
            yaw_speed: 3.1415927410125732
        }
20:51:00: [INFO] [C:\Users\User\autonomy-bootcamp-2025-p2\modules\telemetry\telemetry.py | run | 120] Received LOCAL_POSITION_NED
20:51:01: [INFO] [C:\Users\User\autonomy-bootcamp-2025-p2\modules\telemetry\telemetry.py | run | 127] Received ATTITUDE
20:51:01: [INFO] [C:\Users\User\autonomy-bootcamp-2025-p2\modules\telemetry\telemetry.py | run | 149] Created TelemetryData
20:51:01: [INFO] [C:\Users\User\autonomy-bootcamp-2025-p2\modules\telemetry\telemetry_worker.py | telemetry_worker | 70] Sent telemetry data: {
            time_since_boot: 4000,
            x: 4.0,
            y: 0.0,
            z: 0.0,
            x_velocity: 1.0,
            y_velocity: 0.0,
            z_velocity: 0.0,
            roll: 0.0,
            pitch: 0.0,
            yaw: 1.0471975803375244,
            roll_speed: 0.0,
            pitch_speed: 0.0,
            yaw_speed: 3.1415927410125732
        }
20:51:01: [INFO] [C:\Users\User\autonomy-bootcamp-2025-p2\modules\telemetry\telemetry.py | run | 120] Received LOCAL_POSITION_NED
20:51:01: [INFO] [C:\Users\User\autonomy-bootcamp-2025-p2\modules\telemetry\telemetry.py | run | 127] Received ATTITUDE
20:51:01: [INFO] [C:\Users\User\autonomy-bootcamp-2025-p2\modules\telemetry\telemetry.py | run | 149] Created TelemetryData
20:51:01: [INFO] [C:\Users\User\autonomy-bootcamp-2025-p2\modules\telemetry\telemetry_worker.py | telemetry_worker | 70] Sent telemetry data: {
            time_since_boot: 4500,
            x: 4.5,
            y: 0.0,
            z: 0.0,
            x_velocity: 1.0,
            y_velocity: 0.0,
            z_velocity: 0.0,
            roll: 0.0,
            pitch: 0.0,
            yaw: 2.094395160675049,
            roll_speed: 0.0,
            pitch_speed: 0.0,
            yaw_speed: 3.1415927410125732
        }
20:51:02: [ERROR] [C:\Users\User\autonomy-bootcamp-2025-p2\modules\telemetry\telemetry.py | run | 156] Timeout: Did not receive both messages within 1 second
20:51:02: [WARNING] [C:\Users\User\autonomy-bootcamp-2025-p2\modules\telemetry\telemetry_worker.py | telemetry_worker | 73] Telemetry timeout, restarting
20:51:03: [ERROR] [C:\Users\User\autonomy-bootcamp-2025-p2\modules\telemetry\telemetry.py | run | 156] Timeout: Did not receive both messages within 1 second
20:51:03: [WARNING] [C:\Users\User\autonomy-bootcamp-2025-p2\modules\telemetry\telemetry_worker.py | telemetry_worker | 73] Telemetry timeout, restarting
20:51:03: [INFO] [C:\Users\User\autonomy-bootcamp-2025-p2\modules\telemetry\telemetry.py | run | 120] Received LOCAL_POSITION_NED
20:51:04: [ERROR] [C:\Users\User\autonomy-bootcamp-2025-p2\modules\telemetry\telemetry.py | run | 156] Timeout: Did not receive both messages within 1 second
20:51:04: [WARNING] [C:\Users\User\autonomy-bootcamp-2025-p2\modules\telemetry\telemetry_worker.py | telemetry_worker | 73] Telemetry timeout, restarting
20:51:04: [INFO] [C:\Users\User\autonomy-bootcamp-2025-p2\modules\telemetry\telemetry.py | run | 120] Received LOCAL_POSITION_NED
20:51:05: [INFO] [C:\Users\User\autonomy-bootcamp-2025-p2\modules\telemetry\telemetry.py | run | 127] Received ATTITUDE
20:51:05: [INFO] [C:\Users\User\autonomy-bootcamp-2025-p2\modules\telemetry\telemetry.py | run | 149] Created TelemetryData
20:51:05: [INFO] [C:\Users\User\autonomy-bootcamp-2025-p2\modules\telemetry\telemetry_worker.py | telemetry_worker | 70] Sent telemetry data: {
            time_since_boot: 0,
            x: 0.0,
            y: 0.0,
            z: 0.0,
            x_velocity: 1.0,
            y_velocity: 0.0,
            z_velocity: 0.0,
            roll: 0.0,
            pitch: 0.0,
            yaw: 1.5707963705062866,
            roll_speed: 0.0,
            pitch_speed: 0.0,
            yaw_speed: 3.1415927410125732
        }
20:51:05: [INFO] [C:\Users\User\autonomy-bootcamp-2025-p2\modules\telemetry\telemetry.py | run | 120] Received LOCAL_POSITION_NED
20:51:05: [INFO] [C:\Users\User\autonomy-bootcamp-2025-p2\modules\telemetry\telemetry.py | run | 127] Received ATTITUDE
20:51:05: [INFO] [C:\Users\User\autonomy-bootcamp-2025-p2\modules\telemetry\telemetry.py | run | 149] Created TelemetryData
20:51:05: [INFO] [C:\Users\User\autonomy-bootcamp-2025-p2\modules\telemetry\telemetry_worker.py | telemetry_worker | 70] Sent telemetry data: {
            time_since_boot: 666,
            x: 0.6666666865348816,
            y: 0.0,
            z: 0.0,
            x_velocity: 1.0,
            y_velocity: 0.0,
            z_velocity: 0.0,
            roll: 0.0,
            pitch: 0.0,
            yaw: 3.1415927410125732,
            roll_speed: 0.0,
            pitch_speed: 0.0,
            yaw_speed: 3.1415927410125732
        }
20:51:05: [INFO] [C:\Users\User\autonomy-bootcamp-2025-p2\modules\telemetry\telemetry.py | run | 120] Received LOCAL_POSITION_NED
20:51:06: [INFO] [C:\Users\User\autonomy-bootcamp-2025-p2\modules\telemetry\telemetry.py | run | 127] Received ATTITUDE
20:51:06: [INFO] [C:\Users\User\autonomy-bootcamp-2025-p2\modules\telemetry\telemetry.py | run | 149] Created TelemetryData
20:51:06: [INFO] [C:\Users\User\autonomy-bootcamp-2025-p2\modules\telemetry\telemetry_worker.py | telemetry_worker | 70] Sent telemetry data: {
            time_since_boot: 1000,
            x: 1.0,
            y: 0.0,
            z: 0.0,
            x_velocity: 1.0,
            y_velocity: 0.0,
            z_velocity: 0.0,
            roll: 0.0,
            pitch: 0.0,
            yaw: -1.5707963705062866,
            roll_speed: 0.0,
            pitch_speed: 0.0,
            yaw_speed: 3.1415927410125732
        }
20:51:06: [INFO] [C:\Users\User\autonomy-bootcamp-2025-p2\modules\telemetry\telemetry.py | run | 120] Received LOCAL_POSITION_NED
20:51:06: [INFO] [C:\Users\User\autonomy-bootcamp-2025-p2\modules\telemetry\telemetry.py | run | 127] Received ATTITUDE
20:51:06: [INFO] [C:\Users\User\autonomy-bootcamp-2025-p2\modules\telemetry\telemetry.py | run | 149] Created TelemetryData
20:51:06: [INFO] [C:\Users\User\autonomy-bootcamp-2025-p2\modules\telemetry\telemetry_worker.py | telemetry_worker | 70] Sent telemetry data: {
            time_since_boot: 1666,
            x: 1.6666666269302368,
            y: 0.0,
            z: 0.0,
            x_velocity: 1.0,
            y_velocity: 0.0,
            z_velocity: 0.0,
            roll: 0.0,
            pitch: 0.0,
            yaw: 0.0,
            roll_speed: 0.0,
            pitch_speed: 0.0,
            yaw_speed: 3.1415927410125732
        }
20:51:06: [INFO] [C:\Users\User\autonomy-bootcamp-2025-p2\modules\telemetry\telemetry.py | run | 120] Received LOCAL_POSITION_NED
20:51:07: [INFO] [C:\Users\User\autonomy-bootcamp-2025-p2\modules\telemetry\telemetry.py | run | 127] Received ATTITUDE
20:51:07: [INFO] [C:\Users\User\autonomy-bootcamp-2025-p2\modules\telemetry\telemetry.py | run | 149] Created TelemetryData
20:51:07: [INFO] [C:\Users\User\autonomy-bootcamp-2025-p2\modules\telemetry\telemetry_worker.py | telemetry_worker | 70] Sent telemetry data: {
            time_since_boot: 2000,
            x: 2.0,
            y: 0.0,
            z: 0.0,
            x_velocity: 1.0,
            y_velocity: 0.0,
            z_velocity: 0.0,
            roll: 0.0,
            pitch: 0.0,
            yaw: 1.5707963705062866,
            roll_speed: 0.0,
            pitch_speed: 0.0,
            yaw_speed: 3.1415927410125732
        }
20:51:07: [INFO] [C:\Users\User\autonomy-bootcamp-2025-p2\modules\telemetry\telemetry.py | run | 120] Received LOCAL_POSITION_NED
20:51:07: [INFO] [C:\Users\User\autonomy-bootcamp-2025-p2\modules\telemetry\telemetry.py | run | 127] Received ATTITUDE
20:51:07: [INFO] [C:\Users\User\autonomy-bootcamp-2025-p2\modules\telemetry\telemetry.py | run | 149] Created TelemetryData
20:51:07: [INFO] [C:\Users\User\autonomy-bootcamp-2025-p2\modules\telemetry\telemetry_worker.py | telemetry_worker | 70] Sent telemetry data: {
            time_since_boot: 2666,
            x: 2.6666667461395264,
            y: 0.0,
            z: 0.0,
            x_velocity: 1.0,
            y_velocity: 0.0,
            z_velocity: 0.0,
            roll: 0.0,
            pitch: 0.0,
            yaw: 3.1415927410125732,
            roll_speed: 0.0,
            pitch_speed: 0.0,
            yaw_speed: 3.1415927410125732
        }
20:51:07: [INFO] [C:\Users\User\autonomy-bootcamp-2025-p2\modules\telemetry\telemetry.py | run | 120] Received LOCAL_POSITION_NED
20:51:08: [INFO] [C:\Users\User\autonomy-bootcamp-2025-p2\modules\telemetry\telemetry.py | run | 127] Received ATTITUDE
20:51:08: [INFO] [C:\Users\User\autonomy-bootcamp-2025-p2\modules\telemetry\telemetry.py | run | 149] Created TelemetryData
20:51:08: [INFO] [C:\Users\User\autonomy-bootcamp-2025-p2\modules\telemetry\telemetry_worker.py | telemetry_worker | 70] Sent telemetry data: {
            time_since_boot: 3000,
            x: 3.0,
            y: 0.0,
            z: 0.0,
            x_velocity: 1.0,
            y_velocity: 0.0,
            z_velocity: 0.0,
            roll: 0.0,
            pitch: 0.0,
            yaw: -1.5707963705062866,
            roll_speed: 0.0,
            pitch_speed: 0.0,
            yaw_speed: 3.1415927410125732
        }
20:51:08: [INFO] [C:\Users\User\autonomy-bootcamp-2025-p2\modules\telemetry\telemetry.py | run | 120] Received LOCAL_POSITION_NED
20:51:08: [INFO] [C:\Users\User\autonomy-bootcamp-2025-p2\modules\telemetry\telemetry.py | run | 127] Received ATTITUDE
20:51:08: [INFO] [C:\Users\User\autonomy-bootcamp-2025-p2\modules\telemetry\telemetry.py | run | 149] Created TelemetryData
20:51:08: [INFO] [C:\Users\User\autonomy-bootcamp-2025-p2\modules\telemetry\telemetry_worker.py | telemetry_worker | 70] Sent telemetry data: {
            time_since_boot: 3666,
            x: 3.6666667461395264,
            y: 0.0,
            z: 0.0,
            x_velocity: 1.0,
            y_velocity: 0.0,
            z_velocity: 0.0,
            roll: 0.0,
            pitch: 0.0,
            yaw: 0.0,
            roll_speed: 0.0,
            pitch_speed: 0.0,
            yaw_speed: 3.1415927410125732
        }
20:51:08: [INFO] [C:\Users\User\autonomy-bootcamp-2025-p2\modules\telemetry\telemetry.py | run | 120] Received LOCAL_POSITION_NED
20:51:09: [INFO] [C:\Users\User\autonomy-bootcamp-2025-p2\modules\telemetry\telemetry.py | run | 127] Received ATTITUDE
20:51:09: [INFO] [C:\Users\User\autonomy-bootcamp-2025-p2\modules\telemetry\telemetry.py | run | 149] Created TelemetryData
20:51:09: [INFO] [C:\Users\User\autonomy-bootcamp-2025-p2\modules\telemetry\telemetry_worker.py | telemetry_worker | 70] Sent telemetry data: {
            time_since_boot: 4000,
            x: 4.0,
            y: 0.0,
            z: 0.0,
            x_velocity: 1.0,
            y_velocity: 0.0,
            z_velocity: 0.0,
            roll: 0.0,
            pitch: 0.0,
            yaw: 1.5707963705062866,
            roll_speed: 0.0,
            pitch_speed: 0.0,
            yaw_speed: 3.1415927410125732
        }
20:51:09: [INFO] [C:\Users\User\autonomy-bootcamp-2025-p2\modules\telemetry\telemetry.py | run | 120] Received LOCAL_POSITION_NED
20:51:10: [ERROR] [C:\Users\User\autonomy-bootcamp-2025-p2\modules\telemetry\telemetry.py | run | 156] Timeout: Did not receive both messages within 1 second
20:51:10: [WARNING] [C:\Users\User\autonomy-bootcamp-2025-p2\modules\telemetry\telemetry_worker.py | telemetry_worker | 73] Telemetry timeout, restarting
