02:30:28: [INFO] [C:\dev\autonomy-bootcamp-2025-p2\modules\heartbeat\heartbeat_receiver_worker.py | heartbeat_receiver_worker | 55] Logger initialized
02:30:28: [INFO] [C:\dev\autonomy-bootcamp-2025-p2\modules\heartbeat\heartbeat_receiver_worker.py | heartbeat_receiver_worker | 68] heartbeat_period=1
02:30:28: [INFO] [C:\dev\autonomy-bootcamp-2025-p2\modules\heartbeat\heartbeat_receiver_worker.py | heartbeat_receiver_worker | 70] disconnect_threshold=5
02:30:28: [INFO] [C:\dev\autonomy-bootcamp-2025-p2\modules\heartbeat\heartbeat_receiver_worker.py | heartbeat_receiver_worker | 71] error_tolerance=0.01
02:30:28: [INFO] [C:\dev\autonomy-bootcamp-2025-p2\modules\heartbeat\heartbeat_receiver_worker.py | heartbeat_receiver_worker | 80] Status: Connected
02:30:29: [INFO] [C:\dev\autonomy-bootcamp-2025-p2\modules\heartbeat\heartbeat_receiver_worker.py | heartbeat_receiver_worker | 80] Status: Connected
02:30:30: [INFO] [C:\dev\autonomy-bootcamp-2025-p2\modules\heartbeat\heartbeat_receiver_worker.py | heartbeat_receiver_worker | 80] Status: Connected
02:30:31: [INFO] [C:\dev\autonomy-bootcamp-2025-p2\modules\heartbeat\heartbeat_receiver_worker.py | heartbeat_receiver_worker | 80] Status: Connected
02:30:32: [INFO] [C:\dev\autonomy-bootcamp-2025-p2\modules\heartbeat\heartbeat_receiver_worker.py | heartbeat_receiver_worker | 80] Status: Connected
02:30:34: [INFO] [C:\dev\autonomy-bootcamp-2025-p2\modules\heartbeat\heartbeat_receiver_worker.py | heartbeat_receiver_worker | 80] Status: Connected
02:30:34: [WARNING] [C:\dev\autonomy-bootcamp-2025-p2\modules\heartbeat\heartbeat_receiver_worker.py | heartbeat_receiver_worker | 87] Heartbeat missed
02:30:36: [INFO] [C:\dev\autonomy-bootcamp-2025-p2\modules\heartbeat\heartbeat_receiver_worker.py | heartbeat_receiver_worker | 80] Status: Connected
02:30:36: [WARNING] [C:\dev\autonomy-bootcamp-2025-p2\modules\heartbeat\heartbeat_receiver_worker.py | heartbeat_receiver_worker | 87] Heartbeat missed
02:30:38: [INFO] [C:\dev\autonomy-bootcamp-2025-p2\modules\heartbeat\heartbeat_receiver_worker.py | heartbeat_receiver_worker | 80] Status: Connected
02:30:38: [WARNING] [C:\dev\autonomy-bootcamp-2025-p2\modules\heartbeat\heartbeat_receiver_worker.py | heartbeat_receiver_worker | 87] Heartbeat missed
02:30:40: [INFO] [C:\dev\autonomy-bootcamp-2025-p2\modules\heartbeat\heartbeat_receiver_worker.py | heartbeat_receiver_worker | 80] Status: Connected
02:30:40: [WARNING] [C:\dev\autonomy-bootcamp-2025-p2\modules\heartbeat\heartbeat_receiver_worker.py | heartbeat_receiver_worker | 87] Heartbeat missed
02:30:41: [INFO] [C:\dev\autonomy-bootcamp-2025-p2\modules\heartbeat\heartbeat_receiver_worker.py | heartbeat_receiver_worker | 80] Status: Connected
02:30:42: [INFO] [C:\dev\autonomy-bootcamp-2025-p2\modules\heartbeat\heartbeat_receiver_worker.py | heartbeat_receiver_worker | 80] Status: Connected
02:30:43: [INFO] [C:\dev\autonomy-bootcamp-2025-p2\modules\heartbeat\heartbeat_receiver_worker.py | heartbeat_receiver_worker | 80] Status: Connected
02:30:44: [INFO] [C:\dev\autonomy-bootcamp-2025-p2\modules\heartbeat\heartbeat_receiver_worker.py | heartbeat_receiver_worker | 80] Status: Connected
02:30:45: [INFO] [C:\dev\autonomy-bootcamp-2025-p2\modules\heartbeat\heartbeat_receiver_worker.py | heartbeat_receiver_worker | 80] Status: Connected
02:30:46: [INFO] [C:\dev\autonomy-bootcamp-2025-p2\modules\heartbeat\heartbeat_receiver_worker.py | heartbeat_receiver_worker | 80] Status: Connected
02:30:48: [INFO] [C:\dev\autonomy-bootcamp-2025-p2\modules\heartbeat\heartbeat_receiver_worker.py | heartbeat_receiver_worker | 80] Status: Connected
02:30:48: [WARNING] [C:\dev\autonomy-bootcamp-2025-p2\modules\heartbeat\heartbeat_receiver_worker.py | heartbeat_receiver_worker | 87] Heartbeat missed
