23:20:07: [INFO] [C:\Users\1makk\OneDrive\Documents\JavaProjects\autonomy-bootcamp-2025-p2\modules\heartbeat\heartbeat_receiver_worker.py | heartbeat_receiver_worker | 55] Logger initialized
23:20:07: [INFO] [C:\Users\1makk\OneDrive\Documents\JavaProjects\autonomy-bootcamp-2025-p2\modules\heartbeat\heartbeat_receiver_worker.py | heartbeat_receiver_worker | 68] heartbeat_period=1
23:20:07: [INFO] [C:\Users\1makk\OneDrive\Documents\JavaProjects\autonomy-bootcamp-2025-p2\modules\heartbeat\heartbeat_receiver_worker.py | heartbeat_receiver_worker | 70] disconnect_threshold=5
23:20:07: [INFO] [C:\Users\1makk\OneDrive\Documents\JavaProjects\autonomy-bootcamp-2025-p2\modules\heartbeat\heartbeat_receiver_worker.py | heartbeat_receiver_worker | 71] error_tolerance=0.01
23:20:07: [INFO] [C:\Users\1makk\OneDrive\Documents\JavaProjects\autonomy-bootcamp-2025-p2\modules\heartbeat\heartbeat_receiver_worker.py | heartbeat_receiver_worker | 80] Status: Connected
23:20:08: [INFO] [C:\Users\1makk\OneDrive\Documents\JavaProjects\autonomy-bootcamp-2025-p2\modules\heartbeat\heartbeat_receiver_worker.py | heartbeat_receiver_worker | 80] Status: Connected
23:20:09: [INFO] [C:\Users\1makk\OneDrive\Documents\JavaProjects\autonomy-bootcamp-2025-p2\modules\heartbeat\heartbeat_receiver_worker.py | heartbeat_receiver_worker | 80] Status: Connected
23:20:10: [INFO] [C:\Users\1makk\OneDrive\Documents\JavaProjects\autonomy-bootcamp-2025-p2\modules\heartbeat\heartbeat_receiver_worker.py | heartbeat_receiver_worker | 80] Status: Connected
23:20:11: [INFO] [C:\Users\1makk\OneDrive\Documents\JavaProjects\autonomy-bootcamp-2025-p2\modules\heartbeat\heartbeat_receiver_worker.py | heartbeat_receiver_worker | 80] Status: Connected
23:20:13: [INFO] [C:\Users\1makk\OneDrive\Documents\JavaProjects\autonomy-bootcamp-2025-p2\modules\heartbeat\heartbeat_receiver_worker.py | heartbeat_receiver_worker | 80] Status: Connected
23:20:13: [WARNING] [C:\Users\1makk\OneDrive\Documents\JavaProjects\autonomy-bootcamp-2025-p2\modules\heartbeat\heartbeat_receiver_worker.py | heartbeat_receiver_worker | 89] Heartbeat missed
23:20:15: [INFO] [C:\Users\1makk\OneDrive\Documents\JavaProjects\autonomy-bootcamp-2025-p2\modules\heartbeat\heartbeat_receiver_worker.py | heartbeat_receiver_worker | 80] Status: Connected
23:20:15: [WARNING] [C:\Users\1makk\OneDrive\Documents\JavaProjects\autonomy-bootcamp-2025-p2\modules\heartbeat\heartbeat_receiver_worker.py | heartbeat_receiver_worker | 89] Heartbeat missed
23:20:17: [INFO] [C:\Users\1makk\OneDrive\Documents\JavaProjects\autonomy-bootcamp-2025-p2\modules\heartbeat\heartbeat_receiver_worker.py | heartbeat_receiver_worker | 80] Status: Connected
23:20:17: [WARNING] [C:\Users\1makk\OneDrive\Documents\JavaProjects\autonomy-bootcamp-2025-p2\modules\heartbeat\heartbeat_receiver_worker.py | heartbeat_receiver_worker | 89] Heartbeat missed
23:20:19: [INFO] [C:\Users\1makk\OneDrive\Documents\JavaProjects\autonomy-bootcamp-2025-p2\modules\heartbeat\heartbeat_receiver_worker.py | heartbeat_receiver_worker | 80] Status: Connected
23:20:19: [WARNING] [C:\Users\1makk\OneDrive\Documents\JavaProjects\autonomy-bootcamp-2025-p2\modules\heartbeat\heartbeat_receiver_worker.py | heartbeat_receiver_worker | 89] Heartbeat missed
23:20:20: [INFO] [C:\Users\1makk\OneDrive\Documents\JavaProjects\autonomy-bootcamp-2025-p2\modules\heartbeat\heartbeat_receiver_worker.py | heartbeat_receiver_worker | 80] Status: Connected
23:20:21: [INFO] [C:\Users\1makk\OneDrive\Documents\JavaProjects\autonomy-bootcamp-2025-p2\modules\heartbeat\heartbeat_receiver_worker.py | heartbeat_receiver_worker | 80] Status: Connected
23:20:22: [INFO] [C:\Users\1makk\OneDrive\Documents\JavaProjects\autonomy-bootcamp-2025-p2\modules\heartbeat\heartbeat_receiver_worker.py | heartbeat_receiver_worker | 80] Status: Connected
23:20:23: [INFO] [C:\Users\1makk\OneDrive\Documents\JavaProjects\autonomy-bootcamp-2025-p2\modules\heartbeat\heartbeat_receiver_worker.py | heartbeat_receiver_worker | 80] Status: Connected
23:20:24: [INFO] [C:\Users\1makk\OneDrive\Documents\JavaProjects\autonomy-bootcamp-2025-p2\modules\heartbeat\heartbeat_receiver_worker.py | heartbeat_receiver_worker | 80] Status: Connected
23:20:25: [INFO] [C:\Users\1makk\OneDrive\Documents\JavaProjects\autonomy-bootcamp-2025-p2\modules\heartbeat\heartbeat_receiver_worker.py | heartbeat_receiver_worker | 80] Status: Connected
23:20:27: [INFO] [C:\Users\1makk\OneDrive\Documents\JavaProjects\autonomy-bootcamp-2025-p2\modules\heartbeat\heartbeat_receiver_worker.py | heartbeat_receiver_worker | 80] Status: Connected
23:20:27: [WARNING] [C:\Users\1makk\OneDrive\Documents\JavaProjects\autonomy-bootcamp-2025-p2\modules\heartbeat\heartbeat_receiver_worker.py | heartbeat_receiver_worker | 89] Heartbeat missed
