23:55:26: [INFO] [/Users/shaafshoaib/Desktop/WARG-Work/autonomy-bootcamp-2025-p2/modules/command/command_worker.py | command_worker | 53] Logger initialized
23:55:26: [INFO] [/Users/shaafshoaib/Desktop/WARG-Work/autonomy-bootcamp-2025-p2/modules/command/command.py | run | 84] Average Velocity: x=0.00, y=0.00, z=4.00
23:55:26: [INFO] [/Users/shaafshoaib/Desktop/WARG-Work/autonomy-bootcamp-2025-p2/modules/command/command_worker.py | command_worker | 72] Decision: CHANGE ALTITUDE: 1
23:55:26: [INFO] [/Users/shaafshoaib/Desktop/WARG-Work/autonomy-bootcamp-2025-p2/modules/command/command.py | run | 84] Average Velocity: x=0.00, y=0.00, z=1.00
23:55:26: [INFO] [/Users/shaafshoaib/Desktop/WARG-Work/autonomy-bootcamp-2025-p2/modules/command/command_worker.py | command_worker | 72] Decision: CHANGE ALTITUDE: -1
23:55:27: [INFO] [/Users/shaafshoaib/Desktop/WARG-Work/autonomy-bootcamp-2025-p2/modules/command/command.py | run | 84] Average Velocity: x=0.00, y=0.00, z=0.67
23:55:27: [INFO] [/Users/shaafshoaib/Desktop/WARG-Work/autonomy-bootcamp-2025-p2/modules/command/command.py | run | 84] Average Velocity: x=0.00, y=0.00, z=0.50
23:55:28: [INFO] [/Users/shaafshoaib/Desktop/WARG-Work/autonomy-bootcamp-2025-p2/modules/command/command.py | run | 84] Average Velocity: x=0.00, y=0.00, z=0.40
23:55:28: [INFO] [/Users/shaafshoaib/Desktop/WARG-Work/autonomy-bootcamp-2025-p2/modules/command/command.py | run | 84] Average Velocity: x=0.00, y=0.00, z=0.33
23:55:29: [INFO] [/Users/shaafshoaib/Desktop/WARG-Work/autonomy-bootcamp-2025-p2/modules/command/command.py | run | 84] Average Velocity: x=0.00, y=0.00, z=0.29
23:55:29: [INFO] [/Users/shaafshoaib/Desktop/WARG-Work/autonomy-bootcamp-2025-p2/modules/command/command.py | run | 84] Average Velocity: x=0.00, y=2.50, z=0.25
23:55:29: [INFO] [/Users/shaafshoaib/Desktop/WARG-Work/autonomy-bootcamp-2025-p2/modules/command/command_worker.py | command_worker | 72] Decision: CHANGE YAW: 63.43494882292201
23:55:30: [INFO] [/Users/shaafshoaib/Desktop/WARG-Work/autonomy-bootcamp-2025-p2/modules/command/command.py | run | 84] Average Velocity: x=0.00, y=4.44, z=0.22
23:55:30: [INFO] [/Users/shaafshoaib/Desktop/WARG-Work/autonomy-bootcamp-2025-p2/modules/command/command_worker.py | command_worker | 72] Decision: CHANGE YAW: 90.0
23:55:30: [INFO] [/Users/shaafshoaib/Desktop/WARG-Work/autonomy-bootcamp-2025-p2/modules/command/command.py | run | 84] Average Velocity: x=0.00, y=6.00, z=0.20
23:55:30: [INFO] [/Users/shaafshoaib/Desktop/WARG-Work/autonomy-bootcamp-2025-p2/modules/command/command_worker.py | command_worker | 72] Decision: CHANGE YAW: 116.56505117707799
23:55:31: [INFO] [/Users/shaafshoaib/Desktop/WARG-Work/autonomy-bootcamp-2025-p2/modules/command/command.py | run | 84] Average Velocity: x=1.82, y=5.45, z=0.18
23:55:31: [INFO] [/Users/shaafshoaib/Desktop/WARG-Work/autonomy-bootcamp-2025-p2/modules/command/command_worker.py | command_worker | 72] Decision: CHANGE YAW: 45.0
23:55:31: [INFO] [/Users/shaafshoaib/Desktop/WARG-Work/autonomy-bootcamp-2025-p2/modules/command/command.py | run | 84] Average Velocity: x=3.33, y=5.00, z=0.17
23:55:31: [INFO] [/Users/shaafshoaib/Desktop/WARG-Work/autonomy-bootcamp-2025-p2/modules/command/command_worker.py | command_worker | 72] Decision: CHANGE YAW: 63.43494882292201
23:55:32: [INFO] [/Users/shaafshoaib/Desktop/WARG-Work/autonomy-bootcamp-2025-p2/modules/command/command.py | run | 84] Average Velocity: x=4.62, y=4.62, z=0.15
23:55:32: [INFO] [/Users/shaafshoaib/Desktop/WARG-Work/autonomy-bootcamp-2025-p2/modules/command/command_worker.py | command_worker | 72] Decision: CHANGE YAW: 90.0
23:55:32: [INFO] [/Users/shaafshoaib/Desktop/WARG-Work/autonomy-bootcamp-2025-p2/modules/command/command.py | run | 84] Average Velocity: x=4.29, y=2.86, z=0.14
23:55:32: [INFO] [/Users/shaafshoaib/Desktop/WARG-Work/autonomy-bootcamp-2025-p2/modules/command/command_worker.py | command_worker | 72] Decision: CHANGE YAW: 26.565051177077994
23:55:33: [INFO] [/Users/shaafshoaib/Desktop/WARG-Work/autonomy-bootcamp-2025-p2/modules/command/command.py | run | 84] Average Velocity: x=4.00, y=1.33, z=0.13
23:55:33: [INFO] [/Users/shaafshoaib/Desktop/WARG-Work/autonomy-bootcamp-2025-p2/modules/command/command_worker.py | command_worker | 72] Decision: CHANGE YAW: 45.0
23:55:33: [INFO] [/Users/shaafshoaib/Desktop/WARG-Work/autonomy-bootcamp-2025-p2/modules/command/command.py | run | 84] Average Velocity: x=3.75, y=0.00, z=0.12
23:55:33: [INFO] [/Users/shaafshoaib/Desktop/WARG-Work/autonomy-bootcamp-2025-p2/modules/command/command_worker.py | command_worker | 72] Decision: CHANGE YAW: 90.0
23:55:34: [INFO] [/Users/shaafshoaib/Desktop/WARG-Work/autonomy-bootcamp-2025-p2/modules/command/command.py | run | 84] Average Velocity: x=2.35, y=0.00, z=0.12
23:55:34: [INFO] [/Users/shaafshoaib/Desktop/WARG-Work/autonomy-bootcamp-2025-p2/modules/command/command_worker.py | command_worker | 72] Decision: CHANGE YAW: 45.0
23:55:34: [INFO] [/Users/shaafshoaib/Desktop/WARG-Work/autonomy-bootcamp-2025-p2/modules/command/command.py | run | 84] Average Velocity: x=1.11, y=0.00, z=0.11
23:55:34: [INFO] [/Users/shaafshoaib/Desktop/WARG-Work/autonomy-bootcamp-2025-p2/modules/command/command_worker.py | command_worker | 72] Decision: CHANGE YAW: 90.0
23:55:35: [INFO] [/Users/shaafshoaib/Desktop/WARG-Work/autonomy-bootcamp-2025-p2/modules/command/command.py | run | 84] Average Velocity: x=0.00, y=0.00, z=0.11
23:55:35: [INFO] [/Users/shaafshoaib/Desktop/WARG-Work/autonomy-bootcamp-2025-p2/modules/command/command_worker.py | command_worker | 72] Decision: CHANGE YAW: 135.0
23:55:35: [INFO] [/Users/shaafshoaib/Desktop/WARG-Work/autonomy-bootcamp-2025-p2/modules/command/command.py | run | 84] Average Velocity: x=0.00, y=1.00, z=0.10
23:55:35: [INFO] [/Users/shaafshoaib/Desktop/WARG-Work/autonomy-bootcamp-2025-p2/modules/command/command_worker.py | command_worker | 72] Decision: CHANGE YAW: -26.565051177077994
23:55:36: [INFO] [/Users/shaafshoaib/Desktop/WARG-Work/autonomy-bootcamp-2025-p2/modules/command/command.py | run | 84] Average Velocity: x=0.00, y=1.90, z=0.10
23:55:36: [INFO] [/Users/shaafshoaib/Desktop/WARG-Work/autonomy-bootcamp-2025-p2/modules/command/command_worker.py | command_worker | 72] Decision: CHANGE YAW: -45.0
23:55:36: [INFO] [/Users/shaafshoaib/Desktop/WARG-Work/autonomy-bootcamp-2025-p2/modules/command/command.py | run | 84] Average Velocity: x=0.00, y=2.73, z=0.09
23:55:36: [INFO] [/Users/shaafshoaib/Desktop/WARG-Work/autonomy-bootcamp-2025-p2/modules/command/command_worker.py | command_worker | 72] Decision: CHANGE YAW: -90.0
23:55:37: [INFO] [/Users/shaafshoaib/Desktop/WARG-Work/autonomy-bootcamp-2025-p2/modules/command/command.py | run | 84] Average Velocity: x=0.87, y=2.61, z=0.09
23:55:37: [INFO] [/Users/shaafshoaib/Desktop/WARG-Work/autonomy-bootcamp-2025-p2/modules/command/command_worker.py | command_worker | 72] Decision: CHANGE YAW: -45.0
23:55:37: [INFO] [/Users/shaafshoaib/Desktop/WARG-Work/autonomy-bootcamp-2025-p2/modules/command/command.py | run | 84] Average Velocity: x=1.67, y=2.50, z=0.08
23:55:37: [INFO] [/Users/shaafshoaib/Desktop/WARG-Work/autonomy-bootcamp-2025-p2/modules/command/command_worker.py | command_worker | 72] Decision: CHANGE YAW: -90.0
23:55:38: [INFO] [/Users/shaafshoaib/Desktop/WARG-Work/autonomy-bootcamp-2025-p2/modules/command/command.py | run | 84] Average Velocity: x=2.40, y=2.40, z=0.08
23:55:38: [INFO] [/Users/shaafshoaib/Desktop/WARG-Work/autonomy-bootcamp-2025-p2/modules/command/command_worker.py | command_worker | 72] Decision: CHANGE YAW: -135.0
23:55:38: [INFO] [/Users/shaafshoaib/Desktop/WARG-Work/autonomy-bootcamp-2025-p2/modules/command/command.py | run | 84] Average Velocity: x=2.31, y=1.54, z=0.08
23:55:38: [INFO] [/Users/shaafshoaib/Desktop/WARG-Work/autonomy-bootcamp-2025-p2/modules/command/command_worker.py | command_worker | 72] Decision: CHANGE YAW: -63.43494882292201
23:55:39: [INFO] [/Users/shaafshoaib/Desktop/WARG-Work/autonomy-bootcamp-2025-p2/modules/command/command.py | run | 84] Average Velocity: x=2.22, y=0.74, z=0.07
23:55:39: [INFO] [/Users/shaafshoaib/Desktop/WARG-Work/autonomy-bootcamp-2025-p2/modules/command/command_worker.py | command_worker | 72] Decision: CHANGE YAW: -90.0
23:55:39: [INFO] [/Users/shaafshoaib/Desktop/WARG-Work/autonomy-bootcamp-2025-p2/modules/command/command.py | run | 84] Average Velocity: x=2.14, y=0.00, z=0.07
23:55:39: [INFO] [/Users/shaafshoaib/Desktop/WARG-Work/autonomy-bootcamp-2025-p2/modules/command/command_worker.py | command_worker | 72] Decision: CHANGE YAW: -116.56505117707799
23:55:40: [INFO] [/Users/shaafshoaib/Desktop/WARG-Work/autonomy-bootcamp-2025-p2/modules/command/command.py | run | 84] Average Velocity: x=1.38, y=0.00, z=0.07
23:55:40: [INFO] [/Users/shaafshoaib/Desktop/WARG-Work/autonomy-bootcamp-2025-p2/modules/command/command_worker.py | command_worker | 72] Decision: CHANGE YAW: -45.0
23:55:40: [INFO] [/Users/shaafshoaib/Desktop/WARG-Work/autonomy-bootcamp-2025-p2/modules/command/command.py | run | 84] Average Velocity: x=0.67, y=0.00, z=0.07
23:55:40: [INFO] [/Users/shaafshoaib/Desktop/WARG-Work/autonomy-bootcamp-2025-p2/modules/command/command_worker.py | command_worker | 72] Decision: CHANGE YAW: -63.43494882292201
23:55:41: [INFO] [/Users/shaafshoaib/Desktop/WARG-Work/autonomy-bootcamp-2025-p2/modules/command/command.py | run | 84] Average Velocity: x=0.00, y=0.00, z=0.06
23:55:41: [INFO] [/Users/shaafshoaib/Desktop/WARG-Work/autonomy-bootcamp-2025-p2/modules/command/command_worker.py | command_worker | 72] Decision: CHANGE YAW: -90.0
