14:01:31: [INFO] [/Users/rickytang/Coding/github/autonomy-bootcamp-2025-p2/modules/telemetry/telemetry_worker.py | telemetry_worker | 50] Logger initialized
14:01:31: [DEBUG] [/Users/rickytang/Coding/github/autonomy-bootcamp-2025-p2/modules/telemetry/telemetry.py | run | 140] Received ATTITUDE
14:01:31: [DEBUG] [/Users/rickytang/Coding/github/autonomy-bootcamp-2025-p2/modules/telemetry/telemetry.py | run | 149] Received LOCAL_POSITION_NED
14:01:31: [DEBUG] [/Users/rickytang/Coding/github/autonomy-bootcamp-2025-p2/modules/telemetry/telemetry_worker.py | telemetry_worker | 79] Telemetry: {
            time_since_boot: 0,
            x: 0.0,
            y: 0.0,
            z: 0.0,
            x_velocity: 1.0,
            y_velocity: 0.0,
            z_velocity: 0.0,
            roll: 0.0,
            pitch: 0.0,
            yaw: 0.0,
            roll_speed: 0.0,
            pitch_speed: 0.0,
            yaw_speed: 3.1415927410125732
        }
14:01:31: [DEBUG] [/Users/rickytang/Coding/github/autonomy-bootcamp-2025-p2/modules/telemetry/telemetry.py | run | 140] Received ATTITUDE
14:01:31: [DEBUG] [/Users/rickytang/Coding/github/autonomy-bootcamp-2025-p2/modules/telemetry/telemetry.py | run | 149] Received LOCAL_POSITION_NED
14:01:31: [DEBUG] [/Users/rickytang/Coding/github/autonomy-bootcamp-2025-p2/modules/telemetry/telemetry_worker.py | telemetry_worker | 79] Telemetry: {
            time_since_boot: 500,
            x: 0.5,
            y: 0.0,
            z: 0.0,
            x_velocity: 1.0,
            y_velocity: 0.0,
            z_velocity: 0.0,
            roll: 0.0,
            pitch: 0.0,
            yaw: 1.0471975803375244,
            roll_speed: 0.0,
            pitch_speed: 0.0,
            yaw_speed: 3.1415927410125732
        }
14:01:31: [DEBUG] [/Users/rickytang/Coding/github/autonomy-bootcamp-2025-p2/modules/telemetry/telemetry.py | run | 140] Received ATTITUDE
14:01:32: [DEBUG] [/Users/rickytang/Coding/github/autonomy-bootcamp-2025-p2/modules/telemetry/telemetry.py | run | 149] Received LOCAL_POSITION_NED
14:01:32: [DEBUG] [/Users/rickytang/Coding/github/autonomy-bootcamp-2025-p2/modules/telemetry/telemetry_worker.py | telemetry_worker | 79] Telemetry: {
            time_since_boot: 1000,
            x: 1.0,
            y: 0.0,
            z: 0.0,
            x_velocity: 1.0,
            y_velocity: 0.0,
            z_velocity: 0.0,
            roll: 0.0,
            pitch: 0.0,
            yaw: 2.094395160675049,
            roll_speed: 0.0,
            pitch_speed: 0.0,
            yaw_speed: 3.1415927410125732
        }
14:01:32: [DEBUG] [/Users/rickytang/Coding/github/autonomy-bootcamp-2025-p2/modules/telemetry/telemetry.py | run | 140] Received ATTITUDE
14:01:32: [DEBUG] [/Users/rickytang/Coding/github/autonomy-bootcamp-2025-p2/modules/telemetry/telemetry.py | run | 149] Received LOCAL_POSITION_NED
14:01:32: [DEBUG] [/Users/rickytang/Coding/github/autonomy-bootcamp-2025-p2/modules/telemetry/telemetry_worker.py | telemetry_worker | 79] Telemetry: {
            time_since_boot: 1500,
            x: 1.5,
            y: 0.0,
            z: 0.0,
            x_velocity: 1.0,
            y_velocity: 0.0,
            z_velocity: 0.0,
            roll: 0.0,
            pitch: 0.0,
            yaw: -2.094395160675049,
            roll_speed: 0.0,
            pitch_speed: 0.0,
            yaw_speed: 3.1415927410125732
        }
14:01:32: [DEBUG] [/Users/rickytang/Coding/github/autonomy-bootcamp-2025-p2/modules/telemetry/telemetry.py | run | 140] Received ATTITUDE
14:01:33: [DEBUG] [/Users/rickytang/Coding/github/autonomy-bootcamp-2025-p2/modules/telemetry/telemetry.py | run | 149] Received LOCAL_POSITION_NED
14:01:33: [DEBUG] [/Users/rickytang/Coding/github/autonomy-bootcamp-2025-p2/modules/telemetry/telemetry_worker.py | telemetry_worker | 79] Telemetry: {
            time_since_boot: 2000,
            x: 2.0,
            y: 0.0,
            z: 0.0,
            x_velocity: 1.0,
            y_velocity: 0.0,
            z_velocity: 0.0,
            roll: 0.0,
            pitch: 0.0,
            yaw: -1.0471975803375244,
            roll_speed: 0.0,
            pitch_speed: 0.0,
            yaw_speed: 3.1415927410125732
        }
14:01:33: [DEBUG] [/Users/rickytang/Coding/github/autonomy-bootcamp-2025-p2/modules/telemetry/telemetry.py | run | 140] Received ATTITUDE
14:01:33: [DEBUG] [/Users/rickytang/Coding/github/autonomy-bootcamp-2025-p2/modules/telemetry/telemetry.py | run | 149] Received LOCAL_POSITION_NED
14:01:33: [DEBUG] [/Users/rickytang/Coding/github/autonomy-bootcamp-2025-p2/modules/telemetry/telemetry_worker.py | telemetry_worker | 79] Telemetry: {
            time_since_boot: 2500,
            x: 2.5,
            y: 0.0,
            z: 0.0,
            x_velocity: 1.0,
            y_velocity: 0.0,
            z_velocity: 0.0,
            roll: 0.0,
            pitch: 0.0,
            yaw: 1.0471975803375244,
            roll_speed: 0.0,
            pitch_speed: 0.0,
            yaw_speed: 3.1415927410125732
        }
14:01:33: [DEBUG] [/Users/rickytang/Coding/github/autonomy-bootcamp-2025-p2/modules/telemetry/telemetry.py | run | 140] Received ATTITUDE
14:01:34: [DEBUG] [/Users/rickytang/Coding/github/autonomy-bootcamp-2025-p2/modules/telemetry/telemetry.py | run | 149] Received LOCAL_POSITION_NED
14:01:34: [DEBUG] [/Users/rickytang/Coding/github/autonomy-bootcamp-2025-p2/modules/telemetry/telemetry_worker.py | telemetry_worker | 79] Telemetry: {
            time_since_boot: 3000,
            x: 3.0,
            y: 0.0,
            z: 0.0,
            x_velocity: 1.0,
            y_velocity: 0.0,
            z_velocity: 0.0,
            roll: 0.0,
            pitch: 0.0,
            yaw: 2.094395160675049,
            roll_speed: 0.0,
            pitch_speed: 0.0,
            yaw_speed: 3.1415927410125732
        }
14:01:34: [DEBUG] [/Users/rickytang/Coding/github/autonomy-bootcamp-2025-p2/modules/telemetry/telemetry.py | run | 140] Received ATTITUDE
14:01:34: [DEBUG] [/Users/rickytang/Coding/github/autonomy-bootcamp-2025-p2/modules/telemetry/telemetry.py | run | 149] Received LOCAL_POSITION_NED
14:01:34: [DEBUG] [/Users/rickytang/Coding/github/autonomy-bootcamp-2025-p2/modules/telemetry/telemetry_worker.py | telemetry_worker | 79] Telemetry: {
            time_since_boot: 3500,
            x: 3.5,
            y: 0.0,
            z: 0.0,
            x_velocity: 1.0,
            y_velocity: 0.0,
            z_velocity: 0.0,
            roll: 0.0,
            pitch: 0.0,
            yaw: -2.094395160675049,
            roll_speed: 0.0,
            pitch_speed: 0.0,
            yaw_speed: 3.1415927410125732
        }
14:01:34: [DEBUG] [/Users/rickytang/Coding/github/autonomy-bootcamp-2025-p2/modules/telemetry/telemetry.py | run | 140] Received ATTITUDE
14:01:35: [DEBUG] [/Users/rickytang/Coding/github/autonomy-bootcamp-2025-p2/modules/telemetry/telemetry.py | run | 149] Received LOCAL_POSITION_NED
14:01:35: [DEBUG] [/Users/rickytang/Coding/github/autonomy-bootcamp-2025-p2/modules/telemetry/telemetry_worker.py | telemetry_worker | 79] Telemetry: {
            time_since_boot: 4000,
            x: 4.0,
            y: 0.0,
            z: 0.0,
            x_velocity: 1.0,
            y_velocity: 0.0,
            z_velocity: 0.0,
            roll: 0.0,
            pitch: 0.0,
            yaw: -1.0471975803375244,
            roll_speed: 0.0,
            pitch_speed: 0.0,
            yaw_speed: 3.1415927410125732
        }
14:01:35: [DEBUG] [/Users/rickytang/Coding/github/autonomy-bootcamp-2025-p2/modules/telemetry/telemetry.py | run | 140] Received ATTITUDE
14:01:35: [DEBUG] [/Users/rickytang/Coding/github/autonomy-bootcamp-2025-p2/modules/telemetry/telemetry.py | run | 149] Received LOCAL_POSITION_NED
14:01:35: [DEBUG] [/Users/rickytang/Coding/github/autonomy-bootcamp-2025-p2/modules/telemetry/telemetry_worker.py | telemetry_worker | 79] Telemetry: {
            time_since_boot: 4500,
            x: 4.5,
            y: 0.0,
            z: 0.0,
            x_velocity: 1.0,
            y_velocity: 0.0,
            z_velocity: 0.0,
            roll: 0.0,
            pitch: 0.0,
            yaw: 1.0471975803375244,
            roll_speed: 0.0,
            pitch_speed: 0.0,
            yaw_speed: 3.1415927410125732
        }
14:01:35: [DEBUG] [/Users/rickytang/Coding/github/autonomy-bootcamp-2025-p2/modules/telemetry/telemetry.py | run | 140] Received ATTITUDE
14:01:36: [WARNING] [/Users/rickytang/Coding/github/autonomy-bootcamp-2025-p2/modules/telemetry/telemetry.py | run | 186] Timeout: Missing LOCAL_POSITION_NED message
14:01:36: [WARNING] [/Users/rickytang/Coding/github/autonomy-bootcamp-2025-p2/modules/telemetry/telemetry_worker.py | telemetry_worker | 74] Failed to get telemetry data
14:01:37: [DEBUG] [/Users/rickytang/Coding/github/autonomy-bootcamp-2025-p2/modules/telemetry/telemetry.py | run | 140] Received ATTITUDE
14:01:37: [WARNING] [/Users/rickytang/Coding/github/autonomy-bootcamp-2025-p2/modules/telemetry/telemetry.py | run | 186] Timeout: Missing LOCAL_POSITION_NED message
14:01:37: [WARNING] [/Users/rickytang/Coding/github/autonomy-bootcamp-2025-p2/modules/telemetry/telemetry_worker.py | telemetry_worker | 74] Failed to get telemetry data
14:01:38: [WARNING] [/Users/rickytang/Coding/github/autonomy-bootcamp-2025-p2/modules/telemetry/telemetry.py | run | 182] Timeout: No telemetry received
14:01:38: [WARNING] [/Users/rickytang/Coding/github/autonomy-bootcamp-2025-p2/modules/telemetry/telemetry_worker.py | telemetry_worker | 74] Failed to get telemetry data
14:01:39: [DEBUG] [/Users/rickytang/Coding/github/autonomy-bootcamp-2025-p2/modules/telemetry/telemetry.py | run | 140] Received ATTITUDE
14:01:39: [DEBUG] [/Users/rickytang/Coding/github/autonomy-bootcamp-2025-p2/modules/telemetry/telemetry.py | run | 149] Received LOCAL_POSITION_NED
14:01:39: [DEBUG] [/Users/rickytang/Coding/github/autonomy-bootcamp-2025-p2/modules/telemetry/telemetry_worker.py | telemetry_worker | 79] Telemetry: {
            time_since_boot: 0,
            x: 0.0,
            y: 0.0,
            z: 0.0,
            x_velocity: 1.0,
            y_velocity: 0.0,
            z_velocity: 0.0,
            roll: 0.0,
            pitch: 0.0,
            yaw: 0.0,
            roll_speed: 0.0,
            pitch_speed: 0.0,
            yaw_speed: 3.1415927410125732
        }
14:01:39: [DEBUG] [/Users/rickytang/Coding/github/autonomy-bootcamp-2025-p2/modules/telemetry/telemetry.py | run | 140] Received ATTITUDE
14:01:39: [DEBUG] [/Users/rickytang/Coding/github/autonomy-bootcamp-2025-p2/modules/telemetry/telemetry.py | run | 149] Received LOCAL_POSITION_NED
14:01:39: [DEBUG] [/Users/rickytang/Coding/github/autonomy-bootcamp-2025-p2/modules/telemetry/telemetry_worker.py | telemetry_worker | 79] Telemetry: {
            time_since_boot: 666,
            x: 0.6666666865348816,
            y: 0.0,
            z: 0.0,
            x_velocity: 1.0,
            y_velocity: 0.0,
            z_velocity: 0.0,
            roll: 0.0,
            pitch: 0.0,
            yaw: 1.5707963705062866,
            roll_speed: 0.0,
            pitch_speed: 0.0,
            yaw_speed: 3.1415927410125732
        }
14:01:40: [DEBUG] [/Users/rickytang/Coding/github/autonomy-bootcamp-2025-p2/modules/telemetry/telemetry.py | run | 140] Received ATTITUDE
14:01:40: [DEBUG] [/Users/rickytang/Coding/github/autonomy-bootcamp-2025-p2/modules/telemetry/telemetry.py | run | 149] Received LOCAL_POSITION_NED
14:01:40: [DEBUG] [/Users/rickytang/Coding/github/autonomy-bootcamp-2025-p2/modules/telemetry/telemetry_worker.py | telemetry_worker | 79] Telemetry: {
            time_since_boot: 1000,
            x: 1.0,
            y: 0.0,
            z: 0.0,
            x_velocity: 1.0,
            y_velocity: 0.0,
            z_velocity: 0.0,
            roll: 0.0,
            pitch: 0.0,
            yaw: 3.1415927410125732,
            roll_speed: 0.0,
            pitch_speed: 0.0,
            yaw_speed: 3.1415927410125732
        }
14:01:40: [DEBUG] [/Users/rickytang/Coding/github/autonomy-bootcamp-2025-p2/modules/telemetry/telemetry.py | run | 140] Received ATTITUDE
14:01:40: [DEBUG] [/Users/rickytang/Coding/github/autonomy-bootcamp-2025-p2/modules/telemetry/telemetry.py | run | 149] Received LOCAL_POSITION_NED
14:01:40: [DEBUG] [/Users/rickytang/Coding/github/autonomy-bootcamp-2025-p2/modules/telemetry/telemetry_worker.py | telemetry_worker | 79] Telemetry: {
            time_since_boot: 1666,
            x: 1.6666666269302368,
            y: 0.0,
            z: 0.0,
            x_velocity: 1.0,
            y_velocity: 0.0,
            z_velocity: 0.0,
            roll: 0.0,
            pitch: 0.0,
            yaw: -1.5707963705062866,
            roll_speed: 0.0,
            pitch_speed: 0.0,
            yaw_speed: 3.1415927410125732
        }
14:01:41: [DEBUG] [/Users/rickytang/Coding/github/autonomy-bootcamp-2025-p2/modules/telemetry/telemetry.py | run | 140] Received ATTITUDE
14:01:41: [DEBUG] [/Users/rickytang/Coding/github/autonomy-bootcamp-2025-p2/modules/telemetry/telemetry.py | run | 149] Received LOCAL_POSITION_NED
14:01:41: [DEBUG] [/Users/rickytang/Coding/github/autonomy-bootcamp-2025-p2/modules/telemetry/telemetry_worker.py | telemetry_worker | 79] Telemetry: {
            time_since_boot: 2000,
            x: 2.0,
            y: 0.0,
            z: 0.0,
            x_velocity: 1.0,
            y_velocity: 0.0,
            z_velocity: 0.0,
            roll: 0.0,
            pitch: 0.0,
            yaw: 0.0,
            roll_speed: 0.0,
            pitch_speed: 0.0,
            yaw_speed: 3.1415927410125732
        }
14:01:41: [DEBUG] [/Users/rickytang/Coding/github/autonomy-bootcamp-2025-p2/modules/telemetry/telemetry.py | run | 140] Received ATTITUDE
14:01:41: [DEBUG] [/Users/rickytang/Coding/github/autonomy-bootcamp-2025-p2/modules/telemetry/telemetry.py | run | 149] Received LOCAL_POSITION_NED
14:01:41: [DEBUG] [/Users/rickytang/Coding/github/autonomy-bootcamp-2025-p2/modules/telemetry/telemetry_worker.py | telemetry_worker | 79] Telemetry: {
            time_since_boot: 2666,
            x: 2.6666667461395264,
            y: 0.0,
            z: 0.0,
            x_velocity: 1.0,
            y_velocity: 0.0,
            z_velocity: 0.0,
            roll: 0.0,
            pitch: 0.0,
            yaw: 1.5707963705062866,
            roll_speed: 0.0,
            pitch_speed: 0.0,
            yaw_speed: 3.1415927410125732
        }
14:01:42: [DEBUG] [/Users/rickytang/Coding/github/autonomy-bootcamp-2025-p2/modules/telemetry/telemetry.py | run | 140] Received ATTITUDE
14:01:42: [DEBUG] [/Users/rickytang/Coding/github/autonomy-bootcamp-2025-p2/modules/telemetry/telemetry.py | run | 149] Received LOCAL_POSITION_NED
14:01:42: [DEBUG] [/Users/rickytang/Coding/github/autonomy-bootcamp-2025-p2/modules/telemetry/telemetry_worker.py | telemetry_worker | 79] Telemetry: {
            time_since_boot: 3000,
            x: 3.0,
            y: 0.0,
            z: 0.0,
            x_velocity: 1.0,
            y_velocity: 0.0,
            z_velocity: 0.0,
            roll: 0.0,
            pitch: 0.0,
            yaw: 3.1415927410125732,
            roll_speed: 0.0,
            pitch_speed: 0.0,
            yaw_speed: 3.1415927410125732
        }
14:01:42: [DEBUG] [/Users/rickytang/Coding/github/autonomy-bootcamp-2025-p2/modules/telemetry/telemetry.py | run | 140] Received ATTITUDE
14:01:42: [DEBUG] [/Users/rickytang/Coding/github/autonomy-bootcamp-2025-p2/modules/telemetry/telemetry.py | run | 149] Received LOCAL_POSITION_NED
14:01:42: [DEBUG] [/Users/rickytang/Coding/github/autonomy-bootcamp-2025-p2/modules/telemetry/telemetry_worker.py | telemetry_worker | 79] Telemetry: {
            time_since_boot: 3666,
            x: 3.6666667461395264,
            y: 0.0,
            z: 0.0,
            x_velocity: 1.0,
            y_velocity: 0.0,
            z_velocity: 0.0,
            roll: 0.0,
            pitch: 0.0,
            yaw: -1.5707963705062866,
            roll_speed: 0.0,
            pitch_speed: 0.0,
            yaw_speed: 3.1415927410125732
        }
14:01:43: [DEBUG] [/Users/rickytang/Coding/github/autonomy-bootcamp-2025-p2/modules/telemetry/telemetry.py | run | 140] Received ATTITUDE
14:01:43: [DEBUG] [/Users/rickytang/Coding/github/autonomy-bootcamp-2025-p2/modules/telemetry/telemetry.py | run | 149] Received LOCAL_POSITION_NED
14:01:43: [DEBUG] [/Users/rickytang/Coding/github/autonomy-bootcamp-2025-p2/modules/telemetry/telemetry_worker.py | telemetry_worker | 79] Telemetry: {
            time_since_boot: 4000,
            x: 4.0,
            y: 0.0,
            z: 0.0,
            x_velocity: 1.0,
            y_velocity: 0.0,
            z_velocity: 0.0,
            roll: 0.0,
            pitch: 0.0,
            yaw: 0.0,
            roll_speed: 0.0,
            pitch_speed: 0.0,
            yaw_speed: 3.1415927410125732
        }
14:01:43: [DEBUG] [/Users/rickytang/Coding/github/autonomy-bootcamp-2025-p2/modules/telemetry/telemetry.py | run | 140] Received ATTITUDE
14:01:43: [DEBUG] [/Users/rickytang/Coding/github/autonomy-bootcamp-2025-p2/modules/telemetry/telemetry.py | run | 149] Received LOCAL_POSITION_NED
14:01:43: [DEBUG] [/Users/rickytang/Coding/github/autonomy-bootcamp-2025-p2/modules/telemetry/telemetry_worker.py | telemetry_worker | 79] Telemetry: {
            time_since_boot: 4666,
            x: 4.666666507720947,
            y: 0.0,
            z: 0.0,
            x_velocity: 1.0,
            y_velocity: 0.0,
            z_velocity: 0.0,
            roll: 0.0,
            pitch: 0.0,
            yaw: 1.5707963705062866,
            roll_speed: 0.0,
            pitch_speed: 0.0,
            yaw_speed: 3.1415927410125732
        }
14:01:44: [WARNING] [/Users/rickytang/Coding/github/autonomy-bootcamp-2025-p2/modules/telemetry/telemetry.py | run | 182] Timeout: No telemetry received
14:01:44: [WARNING] [/Users/rickytang/Coding/github/autonomy-bootcamp-2025-p2/modules/telemetry/telemetry_worker.py | telemetry_worker | 74] Failed to get telemetry data
14:01:45: [WARNING] [/Users/rickytang/Coding/github/autonomy-bootcamp-2025-p2/modules/telemetry/telemetry.py | run | 182] Timeout: No telemetry received
14:01:45: [WARNING] [/Users/rickytang/Coding/github/autonomy-bootcamp-2025-p2/modules/telemetry/telemetry_worker.py | telemetry_worker | 74] Failed to get telemetry data
14:01:46: [WARNING] [/Users/rickytang/Coding/github/autonomy-bootcamp-2025-p2/modules/telemetry/telemetry.py | run | 182] Timeout: No telemetry received
14:01:46: [WARNING] [/Users/rickytang/Coding/github/autonomy-bootcamp-2025-p2/modules/telemetry/telemetry_worker.py | telemetry_worker | 74] Failed to get telemetry data
