21:17:03: [INFO] [/Users/shaafshoaib/Desktop/WARG-Work/autonomy-bootcamp-2025-p2/modules/command/command_worker.py | command_worker | 53] Logger initialized
21:17:03: [INFO] [/Users/shaafshoaib/Desktop/WARG-Work/autonomy-bootcamp-2025-p2/modules/command/command.py | run | 84] Average Velocity: x=0.00, y=0.00, z=4.00
21:17:03: [INFO] [/Users/shaafshoaib/Desktop/WARG-Work/autonomy-bootcamp-2025-p2/modules/command/command_worker.py | command_worker | 72] Decision: CHANGE ALTITUDE: 1
21:17:03: [INFO] [/Users/shaafshoaib/Desktop/WARG-Work/autonomy-bootcamp-2025-p2/modules/command/command.py | run | 84] Average Velocity: x=0.00, y=0.00, z=1.00
21:17:03: [INFO] [/Users/shaafshoaib/Desktop/WARG-Work/autonomy-bootcamp-2025-p2/modules/command/command_worker.py | command_worker | 72] Decision: CHANGE ALTITUDE: -1
21:17:04: [INFO] [/Users/shaafshoaib/Desktop/WARG-Work/autonomy-bootcamp-2025-p2/modules/command/command.py | run | 84] Average Velocity: x=0.00, y=0.00, z=0.67
21:17:04: [INFO] [/Users/shaafshoaib/Desktop/WARG-Work/autonomy-bootcamp-2025-p2/modules/command/command.py | run | 84] Average Velocity: x=0.00, y=0.00, z=0.50
21:17:05: [INFO] [/Users/shaafshoaib/Desktop/WARG-Work/autonomy-bootcamp-2025-p2/modules/command/command.py | run | 84] Average Velocity: x=0.00, y=0.00, z=0.40
21:17:05: [INFO] [/Users/shaafshoaib/Desktop/WARG-Work/autonomy-bootcamp-2025-p2/modules/command/command.py | run | 84] Average Velocity: x=0.00, y=0.00, z=0.33
21:17:06: [INFO] [/Users/shaafshoaib/Desktop/WARG-Work/autonomy-bootcamp-2025-p2/modules/command/command.py | run | 84] Average Velocity: x=0.00, y=0.00, z=0.29
21:17:06: [INFO] [/Users/shaafshoaib/Desktop/WARG-Work/autonomy-bootcamp-2025-p2/modules/command/command.py | run | 84] Average Velocity: x=0.00, y=2.50, z=0.25
21:17:06: [INFO] [/Users/shaafshoaib/Desktop/WARG-Work/autonomy-bootcamp-2025-p2/modules/command/command_worker.py | command_worker | 72] Decision: CHANGE YAW: 63.43494882292201
21:17:07: [INFO] [/Users/shaafshoaib/Desktop/WARG-Work/autonomy-bootcamp-2025-p2/modules/command/command.py | run | 84] Average Velocity: x=0.00, y=4.44, z=0.22
21:17:07: [INFO] [/Users/shaafshoaib/Desktop/WARG-Work/autonomy-bootcamp-2025-p2/modules/command/command_worker.py | command_worker | 72] Decision: CHANGE YAW: 90.0
21:17:07: [INFO] [/Users/shaafshoaib/Desktop/WARG-Work/autonomy-bootcamp-2025-p2/modules/command/command.py | run | 84] Average Velocity: x=0.00, y=6.00, z=0.20
21:17:07: [INFO] [/Users/shaafshoaib/Desktop/WARG-Work/autonomy-bootcamp-2025-p2/modules/command/command_worker.py | command_worker | 72] Decision: CHANGE YAW: 116.56505117707799
21:17:08: [INFO] [/Users/shaafshoaib/Desktop/WARG-Work/autonomy-bootcamp-2025-p2/modules/command/command.py | run | 84] Average Velocity: x=1.82, y=5.45, z=0.18
21:17:08: [INFO] [/Users/shaafshoaib/Desktop/WARG-Work/autonomy-bootcamp-2025-p2/modules/command/command_worker.py | command_worker | 72] Decision: CHANGE YAW: 45.0
21:17:08: [INFO] [/Users/shaafshoaib/Desktop/WARG-Work/autonomy-bootcamp-2025-p2/modules/command/command.py | run | 84] Average Velocity: x=3.33, y=5.00, z=0.17
21:17:08: [INFO] [/Users/shaafshoaib/Desktop/WARG-Work/autonomy-bootcamp-2025-p2/modules/command/command_worker.py | command_worker | 72] Decision: CHANGE YAW: 63.43494882292201
21:17:09: [INFO] [/Users/shaafshoaib/Desktop/WARG-Work/autonomy-bootcamp-2025-p2/modules/command/command.py | run | 84] Average Velocity: x=4.62, y=4.62, z=0.15
21:17:09: [INFO] [/Users/shaafshoaib/Desktop/WARG-Work/autonomy-bootcamp-2025-p2/modules/command/command_worker.py | command_worker | 72] Decision: CHANGE YAW: 90.0
21:17:09: [INFO] [/Users/shaafshoaib/Desktop/WARG-Work/autonomy-bootcamp-2025-p2/modules/command/command.py | run | 84] Average Velocity: x=4.29, y=2.86, z=0.14
21:17:09: [INFO] [/Users/shaafshoaib/Desktop/WARG-Work/autonomy-bootcamp-2025-p2/modules/command/command_worker.py | command_worker | 72] Decision: CHANGE YAW: 26.565051177077994
21:17:10: [INFO] [/Users/shaafshoaib/Desktop/WARG-Work/autonomy-bootcamp-2025-p2/modules/command/command.py | run | 84] Average Velocity: x=4.00, y=1.33, z=0.13
21:17:10: [INFO] [/Users/shaafshoaib/Desktop/WARG-Work/autonomy-bootcamp-2025-p2/modules/command/command_worker.py | command_worker | 72] Decision: CHANGE YAW: 45.0
21:17:10: [INFO] [/Users/shaafshoaib/Desktop/WARG-Work/autonomy-bootcamp-2025-p2/modules/command/command.py | run | 84] Average Velocity: x=3.75, y=0.00, z=0.12
21:17:10: [INFO] [/Users/shaafshoaib/Desktop/WARG-Work/autonomy-bootcamp-2025-p2/modules/command/command_worker.py | command_worker | 72] Decision: CHANGE YAW: 90.0
21:17:11: [INFO] [/Users/shaafshoaib/Desktop/WARG-Work/autonomy-bootcamp-2025-p2/modules/command/command.py | run | 84] Average Velocity: x=2.35, y=0.00, z=0.12
21:17:11: [INFO] [/Users/shaafshoaib/Desktop/WARG-Work/autonomy-bootcamp-2025-p2/modules/command/command_worker.py | command_worker | 72] Decision: CHANGE YAW: 45.0
21:17:11: [INFO] [/Users/shaafshoaib/Desktop/WARG-Work/autonomy-bootcamp-2025-p2/modules/command/command.py | run | 84] Average Velocity: x=1.11, y=0.00, z=0.11
21:17:11: [INFO] [/Users/shaafshoaib/Desktop/WARG-Work/autonomy-bootcamp-2025-p2/modules/command/command_worker.py | command_worker | 72] Decision: CHANGE YAW: 90.0
21:17:12: [INFO] [/Users/shaafshoaib/Desktop/WARG-Work/autonomy-bootcamp-2025-p2/modules/command/command.py | run | 84] Average Velocity: x=0.00, y=0.00, z=0.11
21:17:12: [INFO] [/Users/shaafshoaib/Desktop/WARG-Work/autonomy-bootcamp-2025-p2/modules/command/command_worker.py | command_worker | 72] Decision: CHANGE YAW: 135.0
21:17:12: [INFO] [/Users/shaafshoaib/Desktop/WARG-Work/autonomy-bootcamp-2025-p2/modules/command/command.py | run | 84] Average Velocity: x=0.00, y=1.00, z=0.10
21:17:12: [INFO] [/Users/shaafshoaib/Desktop/WARG-Work/autonomy-bootcamp-2025-p2/modules/command/command_worker.py | command_worker | 72] Decision: CHANGE YAW: -26.565051177077994
21:17:13: [INFO] [/Users/shaafshoaib/Desktop/WARG-Work/autonomy-bootcamp-2025-p2/modules/command/command.py | run | 84] Average Velocity: x=0.00, y=1.90, z=0.10
21:17:13: [INFO] [/Users/shaafshoaib/Desktop/WARG-Work/autonomy-bootcamp-2025-p2/modules/command/command_worker.py | command_worker | 72] Decision: CHANGE YAW: -45.0
21:17:13: [INFO] [/Users/shaafshoaib/Desktop/WARG-Work/autonomy-bootcamp-2025-p2/modules/command/command.py | run | 84] Average Velocity: x=0.00, y=2.73, z=0.09
21:17:13: [INFO] [/Users/shaafshoaib/Desktop/WARG-Work/autonomy-bootcamp-2025-p2/modules/command/command_worker.py | command_worker | 72] Decision: CHANGE YAW: -90.0
21:17:14: [INFO] [/Users/shaafshoaib/Desktop/WARG-Work/autonomy-bootcamp-2025-p2/modules/command/command.py | run | 84] Average Velocity: x=0.87, y=2.61, z=0.09
21:17:14: [INFO] [/Users/shaafshoaib/Desktop/WARG-Work/autonomy-bootcamp-2025-p2/modules/command/command_worker.py | command_worker | 72] Decision: CHANGE YAW: -45.0
21:17:14: [INFO] [/Users/shaafshoaib/Desktop/WARG-Work/autonomy-bootcamp-2025-p2/modules/command/command.py | run | 84] Average Velocity: x=1.67, y=2.50, z=0.08
21:17:14: [INFO] [/Users/shaafshoaib/Desktop/WARG-Work/autonomy-bootcamp-2025-p2/modules/command/command_worker.py | command_worker | 72] Decision: CHANGE YAW: -90.0
21:17:15: [INFO] [/Users/shaafshoaib/Desktop/WARG-Work/autonomy-bootcamp-2025-p2/modules/command/command.py | run | 84] Average Velocity: x=2.40, y=2.40, z=0.08
21:17:15: [INFO] [/Users/shaafshoaib/Desktop/WARG-Work/autonomy-bootcamp-2025-p2/modules/command/command_worker.py | command_worker | 72] Decision: CHANGE YAW: -135.0
21:17:15: [INFO] [/Users/shaafshoaib/Desktop/WARG-Work/autonomy-bootcamp-2025-p2/modules/command/command.py | run | 84] Average Velocity: x=2.31, y=1.54, z=0.08
21:17:15: [INFO] [/Users/shaafshoaib/Desktop/WARG-Work/autonomy-bootcamp-2025-p2/modules/command/command_worker.py | command_worker | 72] Decision: CHANGE YAW: -63.43494882292201
21:17:16: [INFO] [/Users/shaafshoaib/Desktop/WARG-Work/autonomy-bootcamp-2025-p2/modules/command/command.py | run | 84] Average Velocity: x=2.22, y=0.74, z=0.07
21:17:16: [INFO] [/Users/shaafshoaib/Desktop/WARG-Work/autonomy-bootcamp-2025-p2/modules/command/command_worker.py | command_worker | 72] Decision: CHANGE YAW: -90.0
21:17:16: [INFO] [/Users/shaafshoaib/Desktop/WARG-Work/autonomy-bootcamp-2025-p2/modules/command/command.py | run | 84] Average Velocity: x=2.14, y=0.00, z=0.07
21:17:16: [INFO] [/Users/shaafshoaib/Desktop/WARG-Work/autonomy-bootcamp-2025-p2/modules/command/command_worker.py | command_worker | 72] Decision: CHANGE YAW: -116.56505117707799
21:17:17: [INFO] [/Users/shaafshoaib/Desktop/WARG-Work/autonomy-bootcamp-2025-p2/modules/command/command.py | run | 84] Average Velocity: x=1.38, y=0.00, z=0.07
21:17:17: [INFO] [/Users/shaafshoaib/Desktop/WARG-Work/autonomy-bootcamp-2025-p2/modules/command/command_worker.py | command_worker | 72] Decision: CHANGE YAW: -45.0
21:17:17: [INFO] [/Users/shaafshoaib/Desktop/WARG-Work/autonomy-bootcamp-2025-p2/modules/command/command.py | run | 84] Average Velocity: x=0.67, y=0.00, z=0.07
21:17:17: [INFO] [/Users/shaafshoaib/Desktop/WARG-Work/autonomy-bootcamp-2025-p2/modules/command/command_worker.py | command_worker | 72] Decision: CHANGE YAW: -63.43494882292201
21:17:18: [INFO] [/Users/shaafshoaib/Desktop/WARG-Work/autonomy-bootcamp-2025-p2/modules/command/command.py | run | 84] Average Velocity: x=0.00, y=0.00, z=0.06
21:17:18: [INFO] [/Users/shaafshoaib/Desktop/WARG-Work/autonomy-bootcamp-2025-p2/modules/command/command_worker.py | command_worker | 72] Decision: CHANGE YAW: -90.0
